0 verbose cli /data/data/com.termux/files/usr/bin/node /data/data/com.termux/files/usr/bin/npm
1 info using npm@11.5.1
2 info using node@v24.5.0
3 silly config load:file:/data/data/com.termux/files/usr/lib/node_modules/npm/npmrc
4 silly config load:file:/data/data/com.termux/files/home/.npmrc
5 silly config load:file:/data/data/com.termux/files/usr/etc/npmrc
6 verbose title npm install express mysql2 cors dotenv bcryptjs jsonwebtoken
7 verbose argv "install" "express" "mysql2" "cors" "dotenv" "bcryptjs" "jsonwebtoken"
8 verbose logfile logs-max:10 dir:/data/data/com.termux/files/home/.npm/_logs/2025-08-09T15_10_43_790Z-
9 verbose logfile /data/data/com.termux/files/home/.npm/_logs/2025-08-09T15_10_43_790Z-debug-0.log
10 silly logfile done cleaning log files
11 silly packumentCache heap:1174405120 maxSize:293601280 maxEntrySize:146800640
12 silly idealTree buildDeps
13 silly fetch manifest express@*
14 silly packumentCache full:https://registry.npmjs.org/express cache-miss
15 http fetch GET 200 https://registry.npmjs.org/express 864ms (cache miss)
16 silly packumentCache full:https://registry.npmjs.org/express set size:undefined disposed:false
17 silly fetch manifest mysql2@*
18 silly packumentCache full:https://registry.npmjs.org/mysql2 cache-miss
19 http fetch GET 200 https://registry.npmjs.org/mysql2 175ms (cache miss)
20 silly packumentCache full:https://registry.npmjs.org/mysql2 set size:undefined disposed:false
21 silly fetch manifest cors@*
22 silly packumentCache full:https://registry.npmjs.org/cors cache-miss
23 http fetch GET 200 https://registry.npmjs.org/cors 133ms (cache miss)
24 silly packumentCache full:https://registry.npmjs.org/cors set size:undefined disposed:false
25 silly fetch manifest dotenv@*
26 silly packumentCache full:https://registry.npmjs.org/dotenv cache-miss
27 http fetch GET 200 https://registry.npmjs.org/dotenv 167ms (cache miss)
28 silly packumentCache full:https://registry.npmjs.org/dotenv set size:undefined disposed:false
29 silly fetch manifest bcryptjs@*
30 silly packumentCache full:https://registry.npmjs.org/bcryptjs cache-miss
31 http fetch GET 200 https://registry.npmjs.org/bcryptjs 144ms (cache miss)
32 silly packumentCache full:https://registry.npmjs.org/bcryptjs set size:undefined disposed:false
33 silly fetch manifest jsonwebtoken@*
34 silly packumentCache full:https://registry.npmjs.org/jsonwebtoken cache-miss
35 http fetch GET 200 https://registry.npmjs.org/jsonwebtoken 237ms (cache miss)
36 silly packumentCache full:https://registry.npmjs.org/jsonwebtoken set size:undefined disposed:false
37 silly placeDep ROOT bcryptjs@3.0.2 OK for: home@1.0.0 want: *
38 silly placeDep ROOT cors@2.8.5 OK for: home@1.0.0 want: *
39 silly placeDep ROOT dotenv@17.2.1 OK for: home@1.0.0 want: *
40 silly placeDep ROOT express@5.1.0 OK for: home@1.0.0 want: *
41 silly placeDep ROOT jsonwebtoken@9.0.2 OK for: home@1.0.0 want: *
42 silly placeDep ROOT mysql2@3.14.3 OK for: home@1.0.0 want: *
43 silly fetch manifest vary@^1
44 silly packumentCache full:https://registry.npmjs.org/vary cache-miss
45 silly fetch manifest object-assign@^4
46 silly packumentCache full:https://registry.npmjs.org/object-assign cache-miss
47 silly fetch manifest qs@^6.14.0
48 silly packumentCache full:https://registry.npmjs.org/qs cache-miss
49 silly fetch manifest etag@^1.8.1
50 silly packumentCache full:https://registry.npmjs.org/etag cache-miss
51 silly fetch manifest once@^1.4.0
52 silly packumentCache full:https://registry.npmjs.org/once cache-miss
53 silly fetch manifest send@^1.1.0
54 silly packumentCache full:https://registry.npmjs.org/send cache-miss
55 silly fetch manifest vary@^1.1.2
56 silly packumentCache full:https://registry.npmjs.org/vary cache-miss
57 http fetch GET 200 https://registry.npmjs.org/vary 190ms (cache miss)
58 silly packumentCache full:https://registry.npmjs.org/vary set size:undefined disposed:false
59 silly fetch manifest debug@^4.4.0
60 silly packumentCache full:https://registry.npmjs.org/debug cache-miss
61 http fetch GET 200 https://registry.npmjs.org/debug 146ms (cache miss)
62 silly packumentCache full:https://registry.npmjs.org/debug set size:undefined disposed:false
63 silly fetch manifest fresh@^2.0.0
64 silly packumentCache full:https://registry.npmjs.org/fresh cache-miss
65 http fetch GET 200 https://registry.npmjs.org/once 471ms (cache miss)
66 silly packumentCache full:https://registry.npmjs.org/once set size:undefined disposed:false
67 silly fetch manifest cookie@^0.7.1
68 silly packumentCache full:https://registry.npmjs.org/cookie cache-miss
69 http fetch GET 200 https://registry.npmjs.org/vary 515ms (cache miss)
70 silly packumentCache full:https://registry.npmjs.org/vary set size:undefined disposed:false
71 silly fetch manifest router@^2.2.0
72 silly packumentCache full:https://registry.npmjs.org/router cache-miss
73 http fetch GET 200 https://registry.npmjs.org/etag 542ms (cache miss)
74 silly packumentCache full:https://registry.npmjs.org/etag set size:undefined disposed:false
75 silly fetch manifest accepts@^2.0.0
76 silly packumentCache full:https://registry.npmjs.org/accepts cache-miss
77 http fetch GET 200 https://registry.npmjs.org/object-assign 552ms (cache miss)
78 silly packumentCache full:https://registry.npmjs.org/object-assign set size:undefined disposed:false
79 silly fetch manifest type-is@^2.0.1
80 silly packumentCache full:https://registry.npmjs.org/type-is cache-miss
81 http fetch GET 200 https://registry.npmjs.org/fresh 212ms (cache miss)
82 silly packumentCache full:https://registry.npmjs.org/fresh set size:undefined disposed:false
83 silly fetch manifest parseurl@^1.3.3
84 silly packumentCache full:https://registry.npmjs.org/parseurl cache-miss
85 http fetch GET 200 https://registry.npmjs.org/send 618ms (cache miss)
86 silly packumentCache full:https://registry.npmjs.org/send set size:undefined disposed:false
87 silly fetch manifest statuses@^2.0.1
88 silly packumentCache full:https://registry.npmjs.org/statuses cache-miss
89 http fetch GET 200 https://registry.npmjs.org/qs 630ms (cache miss)
90 silly packumentCache full:https://registry.npmjs.org/qs set size:undefined disposed:false
91 silly fetch manifest encodeurl@^2.0.0
92 silly packumentCache full:https://registry.npmjs.org/encodeurl cache-miss
93 http fetch GET 200 https://registry.npmjs.org/router 198ms (cache miss)
94 silly packumentCache full:https://registry.npmjs.org/router set size:undefined disposed:false
95 silly fetch manifest mime-types@^3.0.0
96 silly packumentCache full:https://registry.npmjs.org/mime-types cache-miss
97 http fetch GET 200 https://registry.npmjs.org/parseurl 161ms (cache miss)
98 silly packumentCache full:https://registry.npmjs.org/parseurl set size:undefined disposed:false
99 silly fetch manifest proxy-addr@^2.0.7
100 silly packumentCache full:https://registry.npmjs.org/proxy-addr cache-miss
101 http fetch GET 200 https://registry.npmjs.org/accepts 189ms (cache miss)
102 silly packumentCache full:https://registry.npmjs.org/accepts set size:undefined disposed:false
103 silly fetch manifest body-parser@^2.2.0
104 silly packumentCache full:https://registry.npmjs.org/body-parser cache-miss
105 http fetch GET 200 https://registry.npmjs.org/type-is 237ms (cache miss)
106 silly packumentCache full:https://registry.npmjs.org/type-is set size:undefined disposed:false
107 silly fetch manifest escape-html@^1.0.3
108 silly packumentCache full:https://registry.npmjs.org/escape-html cache-miss
109 http fetch GET 200 https://registry.npmjs.org/encodeurl 162ms (cache miss)
110 silly packumentCache full:https://registry.npmjs.org/encodeurl set size:undefined disposed:false
111 silly fetch manifest http-errors@^2.0.0
112 silly packumentCache full:https://registry.npmjs.org/http-errors cache-miss
113 http fetch GET 200 https://registry.npmjs.org/statuses 247ms (cache miss)
114 silly packumentCache full:https://registry.npmjs.org/statuses set size:undefined disposed:false
115 silly fetch manifest on-finished@^2.4.1
116 silly packumentCache full:https://registry.npmjs.org/on-finished cache-miss
117 http fetch GET 200 https://registry.npmjs.org/mime-types 231ms (cache miss)
118 silly packumentCache full:https://registry.npmjs.org/mime-types set size:undefined disposed:false
119 silly fetch manifest content-type@^1.0.5
120 silly packumentCache full:https://registry.npmjs.org/content-type cache-miss
121 http fetch GET 200 https://registry.npmjs.org/content-type 154ms (cache miss)
122 silly packumentCache full:https://registry.npmjs.org/content-type set size:undefined disposed:false
123 silly fetch manifest finalhandler@^2.1.0
124 silly packumentCache full:https://registry.npmjs.org/finalhandler cache-miss
125 http fetch GET 200 https://registry.npmjs.org/escape-html 332ms (cache miss)
126 silly packumentCache full:https://registry.npmjs.org/escape-html set size:undefined disposed:false
127 silly fetch manifest range-parser@^1.2.1
128 silly packumentCache full:https://registry.npmjs.org/range-parser cache-miss
129 http fetch GET 200 https://registry.npmjs.org/range-parser 157ms (cache miss)
130 silly packumentCache full:https://registry.npmjs.org/range-parser set size:undefined disposed:false
131 silly fetch manifest serve-static@^2.2.0
132 silly packumentCache full:https://registry.npmjs.org/serve-static cache-miss
133 http fetch GET 200 https://registry.npmjs.org/finalhandler 172ms (cache miss)
134 silly packumentCache full:https://registry.npmjs.org/finalhandler set size:undefined disposed:false
135 silly fetch manifest cookie-signature@^1.2.1
136 silly packumentCache full:https://registry.npmjs.org/cookie-signature cache-miss
137 http fetch GET 200 https://registry.npmjs.org/cookie-signature 219ms (cache miss)
138 silly packumentCache full:https://registry.npmjs.org/cookie-signature set size:undefined disposed:false
139 silly fetch manifest merge-descriptors@^2.0.0
140 silly packumentCache full:https://registry.npmjs.org/merge-descriptors cache-miss
141 http fetch GET 200 https://registry.npmjs.org/serve-static 242ms (cache miss)
142 silly packumentCache full:https://registry.npmjs.org/serve-static set size:undefined disposed:false
143 silly fetch manifest content-disposition@^1.0.0
144 silly packumentCache full:https://registry.npmjs.org/content-disposition cache-miss
145 http fetch GET 200 https://registry.npmjs.org/content-disposition 131ms (cache miss)
146 silly packumentCache full:https://registry.npmjs.org/content-disposition set size:undefined disposed:false
147 silly fetch manifest ms@^2.1.1
148 silly packumentCache full:https://registry.npmjs.org/ms cache-miss
149 http fetch GET 200 https://registry.npmjs.org/merge-descriptors 171ms (cache miss)
150 silly packumentCache full:https://registry.npmjs.org/merge-descriptors set size:undefined disposed:false
151 silly fetch manifest jws@^3.2.2
152 silly packumentCache full:https://registry.npmjs.org/jws cache-miss
153 http fetch GET 200 https://registry.npmjs.org/cookie 1244ms (cache miss)
154 silly packumentCache full:https://registry.npmjs.org/cookie set size:undefined disposed:false
155 silly fetch manifest semver@^7.5.4
156 silly packumentCache full:https://registry.npmjs.org/semver cache-miss
157 http fetch GET 200 https://registry.npmjs.org/jws 162ms (cache miss)
158 silly packumentCache full:https://registry.npmjs.org/jws set size:undefined disposed:false
159 silly fetch manifest lodash.once@^4.0.0
160 silly packumentCache full:https://registry.npmjs.org/lodash.once cache-miss
161 http fetch GET 200 https://registry.npmjs.org/proxy-addr 1166ms (cache miss)
162 silly packumentCache full:https://registry.npmjs.org/proxy-addr set size:undefined disposed:false
163 silly fetch manifest lodash.includes@^4.3.0
164 silly packumentCache full:https://registry.npmjs.org/lodash.includes cache-miss
165 http fetch GET 200 https://registry.npmjs.org/semver 197ms (cache miss)
166 silly packumentCache full:https://registry.npmjs.org/semver set size:undefined disposed:false
167 silly fetch manifest lodash.isnumber@^3.0.3
168 silly packumentCache full:https://registry.npmjs.org/lodash.isnumber cache-miss
169 http fetch GET 200 https://registry.npmjs.org/lodash.once 166ms (cache miss)
170 silly packumentCache full:https://registry.npmjs.org/lodash.once set size:undefined disposed:false
171 silly fetch manifest lodash.isstring@^4.0.1
172 silly packumentCache full:https://registry.npmjs.org/lodash.isstring cache-miss
173 http fetch GET 200 https://registry.npmjs.org/body-parser 1306ms (cache miss)
174 silly packumentCache full:https://registry.npmjs.org/body-parser set size:undefined disposed:false
175 silly fetch manifest lodash.isboolean@^3.0.3
176 silly packumentCache full:https://registry.npmjs.org/lodash.isboolean cache-miss
177 http fetch GET 200 https://registry.npmjs.org/on-finished 1273ms (cache miss)
178 silly packumentCache full:https://registry.npmjs.org/on-finished set size:undefined disposed:false
179 silly fetch manifest lodash.isinteger@^4.0.4
180 silly packumentCache full:https://registry.npmjs.org/lodash.isinteger cache-miss
181 http fetch GET 200 https://registry.npmjs.org/lodash.isnumber 225ms (cache miss)
182 silly packumentCache full:https://registry.npmjs.org/lodash.isnumber set size:undefined disposed:false
183 silly fetch manifest lodash.isplainobject@^4.0.6
184 silly packumentCache full:https://registry.npmjs.org/lodash.isplainobject cache-miss
185 http fetch GET 200 https://registry.npmjs.org/lodash.isstring 180ms (cache miss)
186 silly packumentCache full:https://registry.npmjs.org/lodash.isstring set size:undefined disposed:false
187 silly fetch manifest aws-ssl-profiles@^1.1.1
188 silly packumentCache full:https://registry.npmjs.org/aws-ssl-profiles cache-miss
189 http fetch GET 200 https://registry.npmjs.org/lodash.isinteger 145ms (cache miss)
190 silly packumentCache full:https://registry.npmjs.org/lodash.isinteger set size:undefined disposed:false
191 silly fetch manifest denque@^2.1.0
192 silly packumentCache full:https://registry.npmjs.org/denque cache-miss
193 http fetch GET 200 https://registry.npmjs.org/lodash.isplainobject 150ms (cache miss)
194 silly packumentCache full:https://registry.npmjs.org/lodash.isplainobject set size:undefined disposed:false
195 silly fetch manifest generate-function@^2.3.1
196 silly packumentCache full:https://registry.npmjs.org/generate-function cache-miss
197 http fetch GET 200 https://registry.npmjs.org/aws-ssl-profiles 193ms (cache miss)
198 silly packumentCache full:https://registry.npmjs.org/aws-ssl-profiles set size:undefined disposed:false
199 silly fetch manifest iconv-lite@^0.6.3
200 silly packumentCache full:https://registry.npmjs.org/iconv-lite cache-miss
201 http fetch GET 200 https://registry.npmjs.org/generate-function 286ms (cache miss)
202 silly packumentCache full:https://registry.npmjs.org/generate-function set size:undefined disposed:false
203 silly fetch manifest long@^5.2.1
204 silly packumentCache full:https://registry.npmjs.org/long cache-miss
205 http fetch GET 200 https://registry.npmjs.org/denque 348ms (cache miss)
206 silly packumentCache full:https://registry.npmjs.org/denque set size:undefined disposed:false
207 silly fetch manifest lru.min@^1.0.0
208 silly packumentCache full:https://registry.npmjs.org/lru.min cache-miss
209 http fetch GET 200 https://registry.npmjs.org/iconv-lite 280ms (cache miss)
210 silly packumentCache full:https://registry.npmjs.org/iconv-lite set size:undefined disposed:false
211 silly fetch manifest named-placeholders@^1.1.3
212 silly packumentCache full:https://registry.npmjs.org/named-placeholders cache-miss
213 http fetch GET 200 https://registry.npmjs.org/long 181ms (cache miss)
214 silly packumentCache full:https://registry.npmjs.org/long set size:undefined disposed:false
215 silly fetch manifest seq-queue@^0.0.5
216 silly packumentCache full:https://registry.npmjs.org/seq-queue cache-miss
217 http fetch GET 200 https://registry.npmjs.org/ms 1150ms (cache miss)
218 silly packumentCache full:https://registry.npmjs.org/ms set size:undefined disposed:false
219 silly fetch manifest sqlstring@^2.3.2
220 silly packumentCache full:https://registry.npmjs.org/sqlstring cache-miss
221 http fetch GET 200 https://registry.npmjs.org/lru.min 177ms (cache miss)
222 silly packumentCache full:https://registry.npmjs.org/lru.min set size:undefined disposed:false
223 http fetch GET 200 https://registry.npmjs.org/seq-queue 150ms (cache miss)
224 silly packumentCache full:https://registry.npmjs.org/seq-queue set size:undefined disposed:false
225 http fetch GET 200 https://registry.npmjs.org/http-errors 2263ms (cache miss)
226 silly packumentCache full:https://registry.npmjs.org/http-errors set size:undefined disposed:false
227 http fetch GET 200 https://registry.npmjs.org/sqlstring 234ms (cache miss)
228 silly packumentCache full:https://registry.npmjs.org/sqlstring set size:undefined disposed:false
229 http fetch GET 200 https://registry.npmjs.org/lodash.includes 1257ms (cache miss)
230 silly packumentCache full:https://registry.npmjs.org/lodash.includes set size:undefined disposed:false
231 http fetch GET 200 https://registry.npmjs.org/lodash.isboolean 1205ms (cache miss)
232 silly packumentCache full:https://registry.npmjs.org/lodash.isboolean set size:undefined disposed:false
233 http fetch GET 200 https://registry.npmjs.org/named-placeholders 1191ms (cache miss)
234 silly packumentCache full:https://registry.npmjs.org/named-placeholders set size:undefined disposed:false
235 silly placeDep ROOT object-assign@4.1.1 OK for: cors@2.8.5 want: ^4
236 silly placeDep ROOT vary@1.1.2 OK for: cors@2.8.5 want: ^1
237 silly placeDep ROOT accepts@2.0.0 OK for: express@5.1.0 want: ^2.0.0
238 silly placeDep ROOT body-parser@2.2.0 OK for: express@5.1.0 want: ^2.2.0
239 silly placeDep ROOT content-disposition@1.0.0 OK for: express@5.1.0 want: ^1.0.0
240 silly placeDep ROOT content-type@1.0.5 OK for: express@5.1.0 want: ^1.0.5
241 silly placeDep ROOT cookie@0.7.2 OK for: express@5.1.0 want: ^0.7.1
242 silly placeDep ROOT cookie-signature@1.2.2 OK for: express@5.1.0 want: ^1.2.1
243 silly placeDep ROOT debug@4.4.1 OK for: express@5.1.0 want: ^4.4.0
244 silly placeDep ROOT encodeurl@2.0.0 OK for: express@5.1.0 want: ^2.0.0
245 silly placeDep ROOT escape-html@1.0.3 OK for: express@5.1.0 want: ^1.0.3
246 silly placeDep ROOT etag@1.8.1 OK for: express@5.1.0 want: ^1.8.1
247 silly placeDep ROOT finalhandler@2.1.0 OK for: express@5.1.0 want: ^2.1.0
248 silly placeDep ROOT fresh@2.0.0 OK for: express@5.1.0 want: ^2.0.0
249 silly placeDep ROOT http-errors@2.0.0 OK for: express@5.1.0 want: ^2.0.0
250 silly placeDep ROOT merge-descriptors@2.0.0 OK for: express@5.1.0 want: ^2.0.0
251 silly placeDep ROOT mime-types@3.0.1 OK for: express@5.1.0 want: ^3.0.0
252 silly placeDep ROOT on-finished@2.4.1 OK for: express@5.1.0 want: ^2.4.1
253 silly placeDep ROOT once@1.4.0 OK for: express@5.1.0 want: ^1.4.0
254 silly placeDep ROOT parseurl@1.3.3 OK for: express@5.1.0 want: ^1.3.3
255 silly placeDep ROOT proxy-addr@2.0.7 OK for: express@5.1.0 want: ^2.0.7
256 silly placeDep ROOT qs@6.14.0 OK for: express@5.1.0 want: ^6.14.0
257 silly placeDep ROOT range-parser@1.2.1 OK for: express@5.1.0 want: ^1.2.1
258 silly placeDep ROOT router@2.2.0 OK for: express@5.1.0 want: ^2.2.0
259 silly placeDep ROOT send@1.2.0 OK for: express@5.1.0 want: ^1.1.0
260 silly placeDep ROOT serve-static@2.2.0 OK for: express@5.1.0 want: ^2.2.0
261 silly placeDep ROOT statuses@2.0.2 OK for: express@5.1.0 want: ^2.0.1
262 silly placeDep ROOT type-is@2.0.1 OK for: express@5.1.0 want: ^2.0.1
263 silly fetch manifest negotiator@^1.0.0
264 silly packumentCache full:https://registry.npmjs.org/negotiator cache-miss
265 silly fetch manifest bytes@^3.1.2
266 silly packumentCache full:https://registry.npmjs.org/bytes cache-miss
267 silly fetch manifest raw-body@^3.0.0
268 silly packumentCache full:https://registry.npmjs.org/raw-body cache-miss
269 silly fetch manifest type-is@^2.0.0
270 silly packumentCache full:https://registry.npmjs.org/type-is cache-miss
271 silly fetch manifest safe-buffer@5.2.1
272 silly packumentCache full:https://registry.npmjs.org/safe-buffer cache-miss
273 silly fetch manifest ms@^2.1.3
274 silly packumentCache full:https://registry.npmjs.org/ms cache-miss
275 silly fetch manifest depd@2.0.0
276 silly packumentCache full:https://registry.npmjs.org/depd cache-miss
277 http cache https://registry.npmjs.org/ms 36ms (cache hit)
278 silly packumentCache full:https://registry.npmjs.org/ms set size:84883 disposed:false
279 silly fetch manifest inherits@2.0.4
280 silly packumentCache full:https://registry.npmjs.org/inherits cache-miss
281 http cache https://registry.npmjs.org/type-is 42ms (cache hit)
282 silly packumentCache full:https://registry.npmjs.org/type-is set size:86196 disposed:false
283 silly fetch manifest statuses@2.0.1
284 silly packumentCache full:https://registry.npmjs.org/statuses cache-miss
285 http cache https://registry.npmjs.org/statuses 12ms (cache hit)
286 silly packumentCache full:https://registry.npmjs.org/statuses set size:37117 disposed:false
287 silly fetch manifest toidentifier@1.0.1
288 silly packumentCache full:https://registry.npmjs.org/toidentifier cache-miss
289 http fetch GET 200 https://registry.npmjs.org/raw-body 182ms (cache miss)
290 silly packumentCache full:https://registry.npmjs.org/raw-body set size:undefined disposed:false
291 silly fetch manifest setprototypeof@1.2.0
292 silly packumentCache full:https://registry.npmjs.org/setprototypeof cache-miss
293 http fetch GET 200 https://registry.npmjs.org/bytes 198ms (cache miss)
294 silly packumentCache full:https://registry.npmjs.org/bytes set size:undefined disposed:false
295 silly fetch manifest mime-db@^1.54.0
296 silly packumentCache full:https://registry.npmjs.org/mime-db cache-miss
297 http fetch GET 200 https://registry.npmjs.org/negotiator 203ms (cache miss)
298 silly packumentCache full:https://registry.npmjs.org/negotiator set size:undefined disposed:false
299 silly fetch manifest ee-first@1.1.1
300 silly packumentCache full:https://registry.npmjs.org/ee-first cache-miss
301 http fetch GET 200 https://registry.npmjs.org/depd 199ms (cache miss)
302 silly packumentCache full:https://registry.npmjs.org/depd set size:undefined disposed:false
303 silly fetch manifest wrappy@1
304 silly packumentCache full:https://registry.npmjs.org/wrappy cache-miss
305 http fetch GET 200 https://registry.npmjs.org/inherits 176ms (cache miss)
306 silly packumentCache full:https://registry.npmjs.org/inherits set size:undefined disposed:false
307 silly fetch manifest forwarded@0.2.0
308 silly packumentCache full:https://registry.npmjs.org/forwarded cache-miss
309 http fetch GET 200 https://registry.npmjs.org/safe-buffer 226ms (cache miss)
310 silly packumentCache full:https://registry.npmjs.org/safe-buffer set size:undefined disposed:false
311 silly fetch manifest ipaddr.js@1.9.1
312 silly packumentCache full:https://registry.npmjs.org/ipaddr.js cache-miss
313 http fetch GET 200 https://registry.npmjs.org/toidentifier 181ms (cache miss)
314 silly packumentCache full:https://registry.npmjs.org/toidentifier set size:undefined disposed:false
315 silly fetch manifest side-channel@^1.1.0
316 silly packumentCache full:https://registry.npmjs.org/side-channel cache-miss
317 http fetch GET 200 https://registry.npmjs.org/ee-first 144ms (cache miss)
318 silly packumentCache full:https://registry.npmjs.org/ee-first set size:undefined disposed:false
319 silly fetch manifest depd@^2.0.0
320 silly packumentCache full:https://registry.npmjs.org/depd cache-miss
321 http fetch GET 200 https://registry.npmjs.org/wrappy 165ms (cache miss)
322 silly packumentCache full:https://registry.npmjs.org/wrappy set size:undefined disposed:false
323 silly fetch manifest is-promise@^4.0.0
324 silly packumentCache full:https://registry.npmjs.org/is-promise cache-miss
325 http cache https://registry.npmjs.org/depd 30ms (cache hit)
326 silly packumentCache full:https://registry.npmjs.org/depd set size:40182 disposed:false
327 silly fetch manifest path-to-regexp@^8.0.0
328 silly packumentCache full:https://registry.npmjs.org/path-to-regexp cache-miss
329 http fetch GET 200 https://registry.npmjs.org/mime-db 185ms (cache miss)
330 silly packumentCache full:https://registry.npmjs.org/mime-db set size:undefined disposed:false
331 silly fetch manifest media-typer@^1.1.0
332 silly packumentCache full:https://registry.npmjs.org/media-typer cache-miss
333 http fetch GET 200 https://registry.npmjs.org/forwarded 170ms (cache miss)
334 silly packumentCache full:https://registry.npmjs.org/forwarded set size:undefined disposed:false
335 http fetch GET 200 https://registry.npmjs.org/setprototypeof 206ms (cache miss)
336 silly packumentCache full:https://registry.npmjs.org/setprototypeof set size:undefined disposed:false
337 http fetch GET 200 https://registry.npmjs.org/ipaddr.js 171ms (cache miss)
338 silly packumentCache full:https://registry.npmjs.org/ipaddr.js set size:undefined disposed:false
339 http fetch GET 200 https://registry.npmjs.org/side-channel 194ms (cache miss)
340 silly packumentCache full:https://registry.npmjs.org/side-channel set size:undefined disposed:false
341 http fetch GET 200 https://registry.npmjs.org/media-typer 172ms (cache miss)
342 silly packumentCache full:https://registry.npmjs.org/media-typer set size:undefined disposed:false
343 http fetch GET 200 https://registry.npmjs.org/is-promise 193ms (cache miss)
344 silly packumentCache full:https://registry.npmjs.org/is-promise set size:undefined disposed:false
345 http fetch GET 200 https://registry.npmjs.org/path-to-regexp 247ms (cache miss)
346 silly packumentCache full:https://registry.npmjs.org/path-to-regexp set size:undefined disposed:false
347 silly placeDep ROOT negotiator@1.0.0 OK for: accepts@2.0.0 want: ^1.0.0
348 silly placeDep ROOT bytes@3.1.2 OK for: body-parser@2.2.0 want: ^3.1.2
349 silly placeDep ROOT iconv-lite@0.6.3 OK for: body-parser@2.2.0 want: ^0.6.3
350 silly placeDep ROOT raw-body@3.0.0 OK for: body-parser@2.2.0 want: ^3.0.0
351 silly fetch manifest safer-buffer@>= 2.1.2 < 3.0.0
352 silly packumentCache full:https://registry.npmjs.org/safer-buffer cache-miss
353 silly fetch manifest unpipe@1.0.0
354 silly packumentCache full:https://registry.npmjs.org/unpipe cache-miss
355 http fetch GET 200 https://registry.npmjs.org/safer-buffer 148ms (cache miss)
356 silly packumentCache full:https://registry.npmjs.org/safer-buffer set size:undefined disposed:false
357 http fetch GET 200 https://registry.npmjs.org/unpipe 160ms (cache miss)
358 silly packumentCache full:https://registry.npmjs.org/unpipe set size:undefined disposed:false
359 silly placeDep ROOT safe-buffer@5.2.1 OK for: content-disposition@1.0.0 want: 5.2.1
360 silly placeDep ROOT ms@2.1.3 OK for: debug@4.4.1 want: ^2.1.3
361 silly placeDep ROOT depd@2.0.0 OK for: http-errors@2.0.0 want: 2.0.0
362 silly placeDep ROOT inherits@2.0.4 OK for: http-errors@2.0.0 want: 2.0.4
363 silly placeDep ROOT setprototypeof@1.2.0 OK for: http-errors@2.0.0 want: 1.2.0
364 silly placeDep node_modules/http-errors statuses@2.0.1 OK for: http-errors@2.0.0 want: 2.0.1
365 silly placeDep ROOT toidentifier@1.0.1 OK for: http-errors@2.0.0 want: 1.0.1
366 silly placeDep ROOT safer-buffer@2.1.2 OK for: iconv-lite@0.6.3 want: >= 2.1.2 < 3.0.0
367 silly placeDep ROOT jws@3.2.2 OK for: jsonwebtoken@9.0.2 want: ^3.2.2
368 silly placeDep ROOT lodash.includes@4.3.0 OK for: jsonwebtoken@9.0.2 want: ^4.3.0
369 silly placeDep ROOT lodash.isboolean@3.0.3 OK for: jsonwebtoken@9.0.2 want: ^3.0.3
370 silly placeDep ROOT lodash.isinteger@4.0.4 OK for: jsonwebtoken@9.0.2 want: ^4.0.4
371 silly placeDep ROOT lodash.isnumber@3.0.3 OK for: jsonwebtoken@9.0.2 want: ^3.0.3
372 silly placeDep ROOT lodash.isplainobject@4.0.6 OK for: jsonwebtoken@9.0.2 want: ^4.0.6
373 silly placeDep ROOT lodash.isstring@4.0.1 OK for: jsonwebtoken@9.0.2 want: ^4.0.1
374 silly placeDep ROOT lodash.once@4.1.1 OK for: jsonwebtoken@9.0.2 want: ^4.0.0
375 silly placeDep ROOT semver@7.7.2 OK for: jsonwebtoken@9.0.2 want: ^7.5.4
376 silly fetch manifest jwa@^1.4.1
377 silly packumentCache full:https://registry.npmjs.org/jwa cache-miss
378 http fetch GET 200 https://registry.npmjs.org/jwa 169ms (cache miss)
379 silly packumentCache full:https://registry.npmjs.org/jwa set size:undefined disposed:false
380 silly placeDep ROOT jwa@1.4.2 OK for: jws@3.2.2 want: ^1.4.1
381 silly fetch manifest ecdsa-sig-formatter@1.0.11
382 silly packumentCache full:https://registry.npmjs.org/ecdsa-sig-formatter cache-miss
383 silly fetch manifest buffer-equal-constant-time@^1.0.1
384 silly packumentCache full:https://registry.npmjs.org/buffer-equal-constant-time cache-miss
385 http fetch GET 200 https://registry.npmjs.org/buffer-equal-constant-time 155ms (cache miss)
386 silly packumentCache full:https://registry.npmjs.org/buffer-equal-constant-time set size:undefined disposed:false
387 http fetch GET 200 https://registry.npmjs.org/ecdsa-sig-formatter 160ms (cache miss)
388 silly packumentCache full:https://registry.npmjs.org/ecdsa-sig-formatter set size:undefined disposed:false
389 silly placeDep ROOT buffer-equal-constant-time@1.0.1 OK for: jwa@1.4.2 want: ^1.0.1
390 silly placeDep ROOT ecdsa-sig-formatter@1.0.11 OK for: jwa@1.4.2 want: 1.0.11
391 silly placeDep ROOT mime-db@1.54.0 OK for: mime-types@3.0.1 want: ^1.54.0
392 silly placeDep ROOT aws-ssl-profiles@1.1.2 OK for: mysql2@3.14.3 want: ^1.1.1
393 silly placeDep ROOT denque@2.1.0 OK for: mysql2@3.14.3 want: ^2.1.0
394 silly placeDep ROOT generate-function@2.3.1 OK for: mysql2@3.14.3 want: ^2.3.1
395 silly placeDep ROOT long@5.3.2 OK for: mysql2@3.14.3 want: ^5.2.1
396 silly placeDep ROOT lru.min@1.1.2 OK for: mysql2@3.14.3 want: ^1.0.0
397 silly placeDep ROOT named-placeholders@1.1.3 OK for: mysql2@3.14.3 want: ^1.1.3
398 silly placeDep ROOT seq-queue@0.0.5 OK for: mysql2@3.14.3 want: ^0.0.5
399 silly placeDep ROOT sqlstring@2.3.3 OK for: mysql2@3.14.3 want: ^2.3.2
400 silly fetch manifest is-property@^1.0.2
401 silly packumentCache full:https://registry.npmjs.org/is-property cache-miss
402 silly fetch manifest lru-cache@^7.14.1
403 silly packumentCache full:https://registry.npmjs.org/lru-cache cache-miss
404 http fetch GET 200 https://registry.npmjs.org/is-property 207ms (cache miss)
405 silly packumentCache full:https://registry.npmjs.org/is-property set size:undefined disposed:false
406 http fetch GET 200 https://registry.npmjs.org/lru-cache 1265ms (cache miss)
407 silly packumentCache full:https://registry.npmjs.org/lru-cache set size:undefined disposed:false
408 silly placeDep ROOT is-property@1.0.2 OK for: generate-function@2.3.1 want: ^1.0.2
409 silly placeDep ROOT lru-cache@7.18.3 OK for: named-placeholders@1.1.3 want: ^7.14.1
410 silly placeDep ROOT ee-first@1.1.1 OK for: on-finished@2.4.1 want: 1.1.1
411 silly placeDep ROOT wrappy@1.0.2 OK for: once@1.4.0 want: 1
412 silly placeDep ROOT forwarded@0.2.0 OK for: proxy-addr@2.0.7 want: 0.2.0
413 silly placeDep ROOT ipaddr.js@1.9.1 OK for: proxy-addr@2.0.7 want: 1.9.1
414 silly placeDep ROOT side-channel@1.1.0 OK for: qs@6.14.0 want: ^1.1.0
415 silly fetch manifest es-errors@^1.3.0
416 silly packumentCache full:https://registry.npmjs.org/es-errors cache-miss
417 silly fetch manifest object-inspect@^1.13.3
418 silly packumentCache full:https://registry.npmjs.org/object-inspect cache-miss
419 silly fetch manifest side-channel-list@^1.0.0
420 silly packumentCache full:https://registry.npmjs.org/side-channel-list cache-miss
421 silly fetch manifest side-channel-map@^1.0.1
422 silly packumentCache full:https://registry.npmjs.org/side-channel-map cache-miss
423 silly fetch manifest side-channel-weakmap@^1.0.2
424 silly packumentCache full:https://registry.npmjs.org/side-channel-weakmap cache-miss
425 http fetch GET 200 https://registry.npmjs.org/side-channel-list 162ms (cache miss)
426 silly packumentCache full:https://registry.npmjs.org/side-channel-list set size:undefined disposed:false
427 http fetch GET 200 https://registry.npmjs.org/es-errors 170ms (cache miss)
428 silly packumentCache full:https://registry.npmjs.org/es-errors set size:undefined disposed:false
429 http fetch GET 200 https://registry.npmjs.org/side-channel-map 178ms (cache miss)
430 silly packumentCache full:https://registry.npmjs.org/side-channel-map set size:undefined disposed:false
431 http fetch GET 200 https://registry.npmjs.org/side-channel-weakmap 1204ms (cache miss)
432 silly packumentCache full:https://registry.npmjs.org/side-channel-weakmap set size:undefined disposed:false
433 http fetch GET 200 https://registry.npmjs.org/object-inspect 2265ms (cache miss)
434 silly packumentCache full:https://registry.npmjs.org/object-inspect set size:undefined disposed:false
435 silly placeDep ROOT unpipe@1.0.0 OK for: raw-body@3.0.0 want: 1.0.0
436 silly placeDep ROOT is-promise@4.0.0 OK for: router@2.2.0 want: ^4.0.0
437 silly placeDep ROOT path-to-regexp@8.2.0 OK for: router@2.2.0 want: ^8.0.0
438 silly placeDep ROOT es-errors@1.3.0 OK for: side-channel@1.1.0 want: ^1.3.0
439 silly placeDep ROOT object-inspect@1.13.4 OK for: side-channel@1.1.0 want: ^1.13.3
440 silly placeDep ROOT side-channel-list@1.0.0 OK for: side-channel@1.1.0 want: ^1.0.0
441 silly placeDep ROOT side-channel-map@1.0.1 OK for: side-channel@1.1.0 want: ^1.0.1
442 silly placeDep ROOT side-channel-weakmap@1.0.2 OK for: side-channel@1.1.0 want: ^1.0.2
443 silly fetch manifest call-bound@^1.0.2
444 silly packumentCache full:https://registry.npmjs.org/call-bound cache-miss
445 silly fetch manifest get-intrinsic@^1.2.5
446 silly packumentCache full:https://registry.npmjs.org/get-intrinsic cache-miss
447 silly fetch manifest call-bound@^1.0.2
448 silly packumentCache full:https://registry.npmjs.org/call-bound cache-miss
449 silly fetch manifest get-intrinsic@^1.2.5
450 silly packumentCache full:https://registry.npmjs.org/get-intrinsic cache-miss
451 http fetch GET 200 https://registry.npmjs.org/call-bound 147ms (cache miss)
452 silly packumentCache full:https://registry.npmjs.org/call-bound set size:undefined disposed:false
453 http fetch GET 200 https://registry.npmjs.org/call-bound 152ms (cache miss)
454 silly packumentCache full:https://registry.npmjs.org/call-bound set size:undefined disposed:false
455 http fetch GET 200 https://registry.npmjs.org/get-intrinsic 167ms (cache miss)
456 silly packumentCache full:https://registry.npmjs.org/get-intrinsic set size:undefined disposed:false
457 http fetch GET 200 https://registry.npmjs.org/get-intrinsic 186ms (cache miss)
458 silly packumentCache full:https://registry.npmjs.org/get-intrinsic set size:undefined disposed:false
459 silly placeDep ROOT call-bound@1.0.4 OK for: side-channel-map@1.0.1 want: ^1.0.2
460 silly placeDep ROOT get-intrinsic@1.3.0 OK for: side-channel-map@1.0.1 want: ^1.2.5
461 silly fetch manifest call-bind-apply-helpers@^1.0.2
462 silly packumentCache full:https://registry.npmjs.org/call-bind-apply-helpers cache-miss
463 silly fetch manifest get-intrinsic@^1.3.0
464 silly packumentCache full:https://registry.npmjs.org/get-intrinsic cache-miss
465 silly fetch manifest call-bind-apply-helpers@^1.0.2
466 silly packumentCache full:https://registry.npmjs.org/call-bind-apply-helpers cache-miss
467 silly fetch manifest es-define-property@^1.0.1
468 silly packumentCache full:https://registry.npmjs.org/es-define-property cache-miss
469 silly fetch manifest es-object-atoms@^1.1.1
470 silly packumentCache full:https://registry.npmjs.org/es-object-atoms cache-miss
471 silly fetch manifest function-bind@^1.1.2
472 silly packumentCache full:https://registry.npmjs.org/function-bind cache-miss
473 silly fetch manifest get-proto@^1.0.1
474 silly packumentCache full:https://registry.npmjs.org/get-proto cache-miss
475 http cache https://registry.npmjs.org/get-intrinsic 38ms (cache hit)
476 silly packumentCache full:https://registry.npmjs.org/get-intrinsic set size:57687 disposed:false
477 silly fetch manifest gopd@^1.2.0
478 silly packumentCache full:https://registry.npmjs.org/gopd cache-miss
479 http fetch GET 200 https://registry.npmjs.org/get-proto 168ms (cache miss)
480 silly packumentCache full:https://registry.npmjs.org/get-proto set size:undefined disposed:false
481 silly fetch manifest has-symbols@^1.1.0
482 silly packumentCache full:https://registry.npmjs.org/has-symbols cache-miss
483 http fetch GET 200 https://registry.npmjs.org/es-object-atoms 175ms (cache miss)
484 silly packumentCache full:https://registry.npmjs.org/es-object-atoms set size:undefined disposed:false
485 silly fetch manifest hasown@^2.0.2
486 silly packumentCache full:https://registry.npmjs.org/hasown cache-miss
487 http fetch GET 200 https://registry.npmjs.org/function-bind 199ms (cache miss)
488 silly packumentCache full:https://registry.npmjs.org/function-bind set size:undefined disposed:false
489 silly fetch manifest math-intrinsics@^1.1.0
490 silly packumentCache full:https://registry.npmjs.org/math-intrinsics cache-miss
491 http fetch GET 200 https://registry.npmjs.org/gopd 165ms (cache miss)
492 silly packumentCache full:https://registry.npmjs.org/gopd set size:undefined disposed:false
493 http fetch GET 200 https://registry.npmjs.org/es-define-property 207ms (cache miss)
494 silly packumentCache full:https://registry.npmjs.org/es-define-property set size:undefined disposed:false
495 http fetch GET 200 https://registry.npmjs.org/call-bind-apply-helpers 210ms (cache miss)
496 silly packumentCache full:https://registry.npmjs.org/call-bind-apply-helpers set size:undefined disposed:false
497 http fetch GET 200 https://registry.npmjs.org/call-bind-apply-helpers 212ms (cache miss)
498 silly packumentCache full:https://registry.npmjs.org/call-bind-apply-helpers set size:undefined disposed:false
499 http fetch GET 200 https://registry.npmjs.org/has-symbols 199ms (cache miss)
500 silly packumentCache full:https://registry.npmjs.org/has-symbols set size:undefined disposed:false
501 http fetch GET 200 https://registry.npmjs.org/math-intrinsics 1267ms (cache miss)
502 silly packumentCache full:https://registry.npmjs.org/math-intrinsics set size:undefined disposed:false
503 http fetch GET 200 https://registry.npmjs.org/hasown 1302ms (cache miss)
504 silly packumentCache full:https://registry.npmjs.org/hasown set size:undefined disposed:false
505 silly placeDep ROOT call-bind-apply-helpers@1.0.2 OK for: call-bound@1.0.4 want: ^1.0.2
506 silly placeDep ROOT function-bind@1.1.2 OK for: call-bind-apply-helpers@1.0.2 want: ^1.1.2
507 silly placeDep ROOT es-define-property@1.0.1 OK for: get-intrinsic@1.3.0 want: ^1.0.1
508 silly placeDep ROOT es-object-atoms@1.1.1 OK for: get-intrinsic@1.3.0 want: ^1.1.1
509 silly placeDep ROOT get-proto@1.0.1 OK for: get-intrinsic@1.3.0 want: ^1.0.1
510 silly placeDep ROOT gopd@1.2.0 OK for: get-intrinsic@1.3.0 want: ^1.2.0
511 silly placeDep ROOT has-symbols@1.1.0 OK for: get-intrinsic@1.3.0 want: ^1.1.0
512 silly placeDep ROOT hasown@2.0.2 OK for: get-intrinsic@1.3.0 want: ^2.0.2
513 silly placeDep ROOT math-intrinsics@1.1.0 OK for: get-intrinsic@1.3.0 want: ^1.1.0
514 silly fetch manifest dunder-proto@^1.0.1
515 silly packumentCache full:https://registry.npmjs.org/dunder-proto cache-miss
516 http fetch GET 200 https://registry.npmjs.org/dunder-proto 1226ms (cache miss)
517 silly packumentCache full:https://registry.npmjs.org/dunder-proto set size:undefined disposed:false
518 silly placeDep ROOT dunder-proto@1.0.1 OK for: get-proto@1.0.1 want: ^1.0.1
519 silly placeDep ROOT media-typer@1.1.0 OK for: type-is@2.0.1 want: ^1.1.0
520 silly reify moves {}
521 silly audit bulk request {
521 silly audit   bcryptjs: [ '3.0.2' ],
521 silly audit   cors: [ '2.8.5' ],
521 silly audit   dotenv: [ '17.2.1' ],
521 silly audit   express: [ '5.1.0' ],
521 silly audit   jsonwebtoken: [ '9.0.2' ],
521 silly audit   mysql2: [ '3.14.3' ],
521 silly audit   'object-assign': [ '4.1.1' ],
521 silly audit   vary: [ '1.1.2' ],
521 silly audit   accepts: [ '2.0.0' ],
521 silly audit   'body-parser': [ '2.2.0' ],
521 silly audit   'content-disposition': [ '1.0.0' ],
521 silly audit   'content-type': [ '1.0.5' ],
521 silly audit   cookie: [ '0.7.2' ],
521 silly audit   'cookie-signature': [ '1.2.2' ],
521 silly audit   debug: [ '4.4.1' ],
521 silly audit   encodeurl: [ '2.0.0' ],
521 silly audit   'escape-html': [ '1.0.3' ],
521 silly audit   etag: [ '1.8.1' ],
521 silly audit   finalhandler: [ '2.1.0' ],
521 silly audit   fresh: [ '2.0.0' ],
521 silly audit   'http-errors': [ '2.0.0' ],
521 silly audit   'merge-descriptors': [ '2.0.0' ],
521 silly audit   'mime-types': [ '3.0.1' ],
521 silly audit   'on-finished': [ '2.4.1' ],
521 silly audit   once: [ '1.4.0' ],
521 silly audit   parseurl: [ '1.3.3' ],
521 silly audit   'proxy-addr': [ '2.0.7' ],
521 silly audit   qs: [ '6.14.0' ],
521 silly audit   'range-parser': [ '1.2.1' ],
521 silly audit   router: [ '2.2.0' ],
521 silly audit   send: [ '1.2.0' ],
521 silly audit   'serve-static': [ '2.2.0' ],
521 silly audit   statuses: [ '2.0.2', '2.0.1' ],
521 silly audit   'type-is': [ '2.0.1' ],
521 silly audit   negotiator: [ '1.0.0' ],
521 silly audit   bytes: [ '3.1.2' ],
521 silly audit   'iconv-lite': [ '0.6.3' ],
521 silly audit   'raw-body': [ '3.0.0' ],
521 silly audit   'safe-buffer': [ '5.2.1' ],
521 silly audit   ms: [ '2.1.3' ],
521 silly audit   depd: [ '2.0.0' ],
521 silly audit   inherits: [ '2.0.4' ],
521 silly audit   setprototypeof: [ '1.2.0' ],
521 silly audit   toidentifier: [ '1.0.1' ],
521 silly audit   'safer-buffer': [ '2.1.2' ],
521 silly audit   jws: [ '3.2.2' ],
521 silly audit   'lodash.includes': [ '4.3.0' ],
521 silly audit   'lodash.isboolean': [ '3.0.3' ],
521 silly audit   'lodash.isinteger': [ '4.0.4' ],
521 silly audit   'lodash.isnumber': [ '3.0.3' ],
521 silly audit   'lodash.isplainobject': [ '4.0.6' ],
521 silly audit   'lodash.isstring': [ '4.0.1' ],
521 silly audit   'lodash.once': [ '4.1.1' ],
521 silly audit   semver: [ '7.7.2' ],
521 silly audit   jwa: [ '1.4.2' ],
521 silly audit   'buffer-equal-constant-time': [ '1.0.1' ],
521 silly audit   'ecdsa-sig-formatter': [ '1.0.11' ],
521 silly audit   'mime-db': [ '1.54.0' ],
521 silly audit   'aws-ssl-profiles': [ '1.1.2' ],
521 silly audit   denque: [ '2.1.0' ],
521 silly audit   'generate-function': [ '2.3.1' ],
521 silly audit   long: [ '5.3.2' ],
521 silly audit   'lru.min': [ '1.1.2' ],
521 silly audit   'named-placeholders': [ '1.1.3' ],
521 silly audit   'seq-queue': [ '0.0.5' ],
521 silly audit   sqlstring: [ '2.3.3' ],
521 silly audit   'is-property': [ '1.0.2' ],
521 silly audit   'lru-cache': [ '7.18.3' ],
521 silly audit   'ee-first': [ '1.1.1' ],
521 silly audit   wrappy: [ '1.0.2' ],
521 silly audit   forwarded: [ '0.2.0' ],
521 silly audit   'ipaddr.js': [ '1.9.1' ],
521 silly audit   'side-channel': [ '1.1.0' ],
521 silly audit   unpipe: [ '1.0.0' ],
521 silly audit   'is-promise': [ '4.0.0' ],
521 silly audit   'path-to-regexp': [ '8.2.0' ],
521 silly audit   'es-errors': [ '1.3.0' ],
521 silly audit   'object-inspect': [ '1.13.4' ],
521 silly audit   'side-channel-list': [ '1.0.0' ],
521 silly audit   'side-channel-map': [ '1.0.1' ],
521 silly audit   'side-channel-weakmap': [ '1.0.2' ],
521 silly audit   'call-bound': [ '1.0.4' ],
521 silly audit   'get-intrinsic': [ '1.3.0' ],
521 silly audit   'call-bind-apply-helpers': [ '1.0.2' ],
521 silly audit   'function-bind': [ '1.1.2' ],
521 silly audit   'es-define-property': [ '1.0.1' ],
521 silly audit   'es-object-atoms': [ '1.1.1' ],
521 silly audit   'get-proto': [ '1.0.1' ],
521 silly audit   gopd: [ '1.2.0' ],
521 silly audit   'has-symbols': [ '1.1.0' ],
521 silly audit   hasown: [ '2.0.2' ],
521 silly audit   'math-intrinsics': [ '1.1.0' ],
521 silly audit   'dunder-proto': [ '1.0.1' ],
521 silly audit   'media-typer': [ '1.1.0' ]
521 silly audit }
522 http cache media-typer@https://registry.npmjs.org/media-typer/-/media-typer-1.1.0.tgz 0ms (cache hit)
523 http cache dunder-proto@https://registry.npmjs.org/dunder-proto/-/dunder-proto-1.0.1.tgz 0ms (cache hit)
524 http cache math-intrinsics@https://registry.npmjs.org/math-intrinsics/-/math-intrinsics-1.1.0.tgz 0ms (cache hit)
525 http cache hasown@https://registry.npmjs.org/hasown/-/hasown-2.0.2.tgz 0ms (cache hit)
526 http cache has-symbols@https://registry.npmjs.org/has-symbols/-/has-symbols-1.1.0.tgz 0ms (cache hit)
527 http cache gopd@https://registry.npmjs.org/gopd/-/gopd-1.2.0.tgz 0ms (cache hit)
528 http cache get-proto@https://registry.npmjs.org/get-proto/-/get-proto-1.0.1.tgz 0ms (cache hit)
529 http cache es-define-property@https://registry.npmjs.org/es-define-property/-/es-define-property-1.0.1.tgz 0ms (cache hit)
530 http cache es-object-atoms@https://registry.npmjs.org/es-object-atoms/-/es-object-atoms-1.1.1.tgz 0ms (cache hit)
531 http cache call-bind-apply-helpers@https://registry.npmjs.org/call-bind-apply-helpers/-/call-bind-apply-helpers-1.0.2.tgz 0ms (cache hit)
532 http cache side-channel-weakmap@https://registry.npmjs.org/side-channel-weakmap/-/side-channel-weakmap-1.0.2.tgz 0ms (cache hit)
533 http cache call-bound@https://registry.npmjs.org/call-bound/-/call-bound-1.0.4.tgz 0ms (cache hit)
534 http cache side-channel-map@https://registry.npmjs.org/side-channel-map/-/side-channel-map-1.0.1.tgz 0ms (cache hit)
535 http cache side-channel-list@https://registry.npmjs.org/side-channel-list/-/side-channel-list-1.0.0.tgz 0ms (cache hit)
536 http cache object-inspect@https://registry.npmjs.org/object-inspect/-/object-inspect-1.13.4.tgz 0ms (cache hit)
537 http cache es-errors@https://registry.npmjs.org/es-errors/-/es-errors-1.3.0.tgz 0ms (cache hit)
538 http cache function-bind@https://registry.npmjs.org/function-bind/-/function-bind-1.1.2.tgz 0ms (cache hit)
539 http cache path-to-regexp@https://registry.npmjs.org/path-to-regexp/-/path-to-regexp-8.2.0.tgz 0ms (cache hit)
540 http cache is-promise@https://registry.npmjs.org/is-promise/-/is-promise-4.0.0.tgz 0ms (cache hit)
541 http cache unpipe@https://registry.npmjs.org/unpipe/-/unpipe-1.0.0.tgz 0ms (cache hit)
542 http cache side-channel@https://registry.npmjs.org/side-channel/-/side-channel-1.1.0.tgz 0ms (cache hit)
543 http cache forwarded@https://registry.npmjs.org/forwarded/-/forwarded-0.2.0.tgz 0ms (cache hit)
544 http cache ipaddr.js@https://registry.npmjs.org/ipaddr.js/-/ipaddr.js-1.9.1.tgz 0ms (cache hit)
545 http cache ee-first@https://registry.npmjs.org/ee-first/-/ee-first-1.1.1.tgz 0ms (cache hit)
546 http cache lru-cache@https://registry.npmjs.org/lru-cache/-/lru-cache-7.18.3.tgz 0ms (cache hit)
547 http cache wrappy@https://registry.npmjs.org/wrappy/-/wrappy-1.0.2.tgz 0ms (cache hit)
548 http cache is-property@https://registry.npmjs.org/is-property/-/is-property-1.0.2.tgz 0ms (cache hit)
549 http cache sqlstring@https://registry.npmjs.org/sqlstring/-/sqlstring-2.3.3.tgz 0ms (cache hit)
550 http cache seq-queue@https://registry.npmjs.org/seq-queue/-/seq-queue-0.0.5.tgz 0ms (cache hit)
551 http cache named-placeholders@https://registry.npmjs.org/named-placeholders/-/named-placeholders-1.1.3.tgz 0ms (cache hit)
552 http cache get-intrinsic@https://registry.npmjs.org/get-intrinsic/-/get-intrinsic-1.3.0.tgz 0ms (cache hit)
553 http cache lru.min@https://registry.npmjs.org/lru.min/-/lru.min-1.1.2.tgz 0ms (cache hit)
554 http cache long@https://registry.npmjs.org/long/-/long-5.3.2.tgz 0ms (cache hit)
555 http cache generate-function@https://registry.npmjs.org/generate-function/-/generate-function-2.3.1.tgz 0ms (cache hit)
556 http cache aws-ssl-profiles@https://registry.npmjs.org/aws-ssl-profiles/-/aws-ssl-profiles-1.1.2.tgz 0ms (cache hit)
557 http cache mime-db@https://registry.npmjs.org/mime-db/-/mime-db-1.54.0.tgz 0ms (cache hit)
558 http cache denque@https://registry.npmjs.org/denque/-/denque-2.1.0.tgz 1ms (cache hit)
559 http cache ecdsa-sig-formatter@https://registry.npmjs.org/ecdsa-sig-formatter/-/ecdsa-sig-formatter-1.0.11.tgz 0ms (cache hit)
560 http cache buffer-equal-constant-time@https://registry.npmjs.org/buffer-equal-constant-time/-/buffer-equal-constant-time-1.0.1.tgz 0ms (cache hit)
561 http cache jwa@https://registry.npmjs.org/jwa/-/jwa-1.4.2.tgz 0ms (cache hit)
562 http cache semver@https://registry.npmjs.org/semver/-/semver-7.7.2.tgz 0ms (cache hit)
563 http cache lodash.once@https://registry.npmjs.org/lodash.once/-/lodash.once-4.1.1.tgz 0ms (cache hit)
564 http cache lodash.isstring@https://registry.npmjs.org/lodash.isstring/-/lodash.isstring-4.0.1.tgz 0ms (cache hit)
565 http cache lodash.isplainobject@https://registry.npmjs.org/lodash.isplainobject/-/lodash.isplainobject-4.0.6.tgz 0ms (cache hit)
566 http cache lodash.isnumber@https://registry.npmjs.org/lodash.isnumber/-/lodash.isnumber-3.0.3.tgz 0ms (cache hit)
567 http cache lodash.isinteger@https://registry.npmjs.org/lodash.isinteger/-/lodash.isinteger-4.0.4.tgz 0ms (cache hit)
568 http cache lodash.isboolean@https://registry.npmjs.org/lodash.isboolean/-/lodash.isboolean-3.0.3.tgz 0ms (cache hit)
569 http cache jws@https://registry.npmjs.org/jws/-/jws-3.2.2.tgz 0ms (cache hit)
570 http cache safer-buffer@https://registry.npmjs.org/safer-buffer/-/safer-buffer-2.1.2.tgz 0ms (cache hit)
571 http cache lodash.includes@https://registry.npmjs.org/lodash.includes/-/lodash.includes-4.3.0.tgz 0ms (cache hit)
572 http cache toidentifier@https://registry.npmjs.org/toidentifier/-/toidentifier-1.0.1.tgz 0ms (cache hit)
573 http cache inherits@https://registry.npmjs.org/inherits/-/inherits-2.0.4.tgz 0ms (cache hit)
574 http cache setprototypeof@https://registry.npmjs.org/setprototypeof/-/setprototypeof-1.2.0.tgz 0ms (cache hit)
575 http cache depd@https://registry.npmjs.org/depd/-/depd-2.0.0.tgz 0ms (cache hit)
576 http cache ms@https://registry.npmjs.org/ms/-/ms-2.1.3.tgz 0ms (cache hit)
577 http cache safe-buffer@https://registry.npmjs.org/safe-buffer/-/safe-buffer-5.2.1.tgz 0ms (cache hit)
578 http cache raw-body@https://registry.npmjs.org/raw-body/-/raw-body-3.0.0.tgz 0ms (cache hit)
579 http cache iconv-lite@https://registry.npmjs.org/iconv-lite/-/iconv-lite-0.6.3.tgz 0ms (cache hit)
580 http cache bytes@https://registry.npmjs.org/bytes/-/bytes-3.1.2.tgz 0ms (cache hit)
581 http cache negotiator@https://registry.npmjs.org/negotiator/-/negotiator-1.0.0.tgz 0ms (cache hit)
582 http cache statuses@https://registry.npmjs.org/statuses/-/statuses-2.0.2.tgz 0ms (cache hit)
583 http cache type-is@https://registry.npmjs.org/type-is/-/type-is-2.0.1.tgz 0ms (cache hit)
584 http cache serve-static@https://registry.npmjs.org/serve-static/-/serve-static-2.2.0.tgz 0ms (cache hit)
585 http cache send@https://registry.npmjs.org/send/-/send-1.2.0.tgz 0ms (cache hit)
586 http cache router@https://registry.npmjs.org/router/-/router-2.2.0.tgz 0ms (cache hit)
587 http cache qs@https://registry.npmjs.org/qs/-/qs-6.14.0.tgz 0ms (cache hit)
588 http cache range-parser@https://registry.npmjs.org/range-parser/-/range-parser-1.2.1.tgz 0ms (cache hit)
589 http cache once@https://registry.npmjs.org/once/-/once-1.4.0.tgz 0ms (cache hit)
590 http cache proxy-addr@https://registry.npmjs.org/proxy-addr/-/proxy-addr-2.0.7.tgz 0ms (cache hit)
591 http cache on-finished@https://registry.npmjs.org/on-finished/-/on-finished-2.4.1.tgz 0ms (cache hit)
592 http cache mime-types@https://registry.npmjs.org/mime-types/-/mime-types-3.0.1.tgz 0ms (cache hit)
593 http cache merge-descriptors@https://registry.npmjs.org/merge-descriptors/-/merge-descriptors-2.0.0.tgz 0ms (cache hit)
594 http cache fresh@https://registry.npmjs.org/fresh/-/fresh-2.0.0.tgz 0ms (cache hit)
595 http cache http-errors@https://registry.npmjs.org/http-errors/-/http-errors-2.0.0.tgz 0ms (cache hit)
596 http cache parseurl@https://registry.npmjs.org/parseurl/-/parseurl-1.3.3.tgz 0ms (cache hit)
597 http cache finalhandler@https://registry.npmjs.org/finalhandler/-/finalhandler-2.1.0.tgz 0ms (cache hit)
598 http cache etag@https://registry.npmjs.org/etag/-/etag-1.8.1.tgz 0ms (cache hit)
599 http cache escape-html@https://registry.npmjs.org/escape-html/-/escape-html-1.0.3.tgz 0ms (cache hit)
600 http cache encodeurl@https://registry.npmjs.org/encodeurl/-/encodeurl-2.0.0.tgz 0ms (cache hit)
601 http cache debug@https://registry.npmjs.org/debug/-/debug-4.4.1.tgz 0ms (cache hit)
602 http cache cookie-signature@https://registry.npmjs.org/cookie-signature/-/cookie-signature-1.2.2.tgz 0ms (cache hit)
603 http cache cookie@https://registry.npmjs.org/cookie/-/cookie-0.7.2.tgz 0ms (cache hit)
604 http cache content-type@https://registry.npmjs.org/content-type/-/content-type-1.0.5.tgz 0ms (cache hit)
605 http cache content-disposition@https://registry.npmjs.org/content-disposition/-/content-disposition-1.0.0.tgz 0ms (cache hit)
606 http cache accepts@https://registry.npmjs.org/accepts/-/accepts-2.0.0.tgz 0ms (cache hit)
607 http cache vary@https://registry.npmjs.org/vary/-/vary-1.1.2.tgz 0ms (cache hit)
608 http cache body-parser@https://registry.npmjs.org/body-parser/-/body-parser-2.2.0.tgz 0ms (cache hit)
609 http cache object-assign@https://registry.npmjs.org/object-assign/-/object-assign-4.1.1.tgz 0ms (cache hit)
610 http cache mysql2@https://registry.npmjs.org/mysql2/-/mysql2-3.14.3.tgz 0ms (cache hit)
611 http cache jsonwebtoken@https://registry.npmjs.org/jsonwebtoken/-/jsonwebtoken-9.0.2.tgz 0ms (cache hit)
612 http cache express@https://registry.npmjs.org/express/-/express-5.1.0.tgz 0ms (cache hit)
613 http cache dotenv@https://registry.npmjs.org/dotenv/-/dotenv-17.2.1.tgz 0ms (cache hit)
614 http cache cors@https://registry.npmjs.org/cors/-/cors-2.8.5.tgz 0ms (cache hit)
615 http cache bcryptjs@https://registry.npmjs.org/bcryptjs/-/bcryptjs-3.0.2.tgz 0ms (cache hit)
616 http cache statuses@https://registry.npmjs.org/statuses/-/statuses-2.0.1.tgz 0ms (cache hit)
617 silly tarball no local data for media-typer@https://registry.npmjs.org/media-typer/-/media-typer-1.1.0.tgz. Extracting by manifest.
618 silly tarball no local data for dunder-proto@https://registry.npmjs.org/dunder-proto/-/dunder-proto-1.0.1.tgz. Extracting by manifest.
619 silly tarball no local data for math-intrinsics@https://registry.npmjs.org/math-intrinsics/-/math-intrinsics-1.1.0.tgz. Extracting by manifest.
620 silly tarball no local data for hasown@https://registry.npmjs.org/hasown/-/hasown-2.0.2.tgz. Extracting by manifest.
621 silly tarball no local data for has-symbols@https://registry.npmjs.org/has-symbols/-/has-symbols-1.1.0.tgz. Extracting by manifest.
622 silly tarball no local data for gopd@https://registry.npmjs.org/gopd/-/gopd-1.2.0.tgz. Extracting by manifest.
623 silly tarball no local data for get-proto@https://registry.npmjs.org/get-proto/-/get-proto-1.0.1.tgz. Extracting by manifest.
624 silly tarball no local data for es-define-property@https://registry.npmjs.org/es-define-property/-/es-define-property-1.0.1.tgz. Extracting by manifest.
625 silly tarball no local data for es-object-atoms@https://registry.npmjs.org/es-object-atoms/-/es-object-atoms-1.1.1.tgz. Extracting by manifest.
626 silly tarball no local data for call-bind-apply-helpers@https://registry.npmjs.org/call-bind-apply-helpers/-/call-bind-apply-helpers-1.0.2.tgz. Extracting by manifest.
627 silly tarball no local data for side-channel-weakmap@https://registry.npmjs.org/side-channel-weakmap/-/side-channel-weakmap-1.0.2.tgz. Extracting by manifest.
628 silly tarball no local data for call-bound@https://registry.npmjs.org/call-bound/-/call-bound-1.0.4.tgz. Extracting by manifest.
629 silly tarball no local data for side-channel-map@https://registry.npmjs.org/side-channel-map/-/side-channel-map-1.0.1.tgz. Extracting by manifest.
630 silly tarball no local data for side-channel-list@https://registry.npmjs.org/side-channel-list/-/side-channel-list-1.0.0.tgz. Extracting by manifest.
631 silly tarball no local data for object-inspect@https://registry.npmjs.org/object-inspect/-/object-inspect-1.13.4.tgz. Extracting by manifest.
632 silly tarball no local data for es-errors@https://registry.npmjs.org/es-errors/-/es-errors-1.3.0.tgz. Extracting by manifest.
633 silly tarball no local data for function-bind@https://registry.npmjs.org/function-bind/-/function-bind-1.1.2.tgz. Extracting by manifest.
634 silly tarball no local data for path-to-regexp@https://registry.npmjs.org/path-to-regexp/-/path-to-regexp-8.2.0.tgz. Extracting by manifest.
635 silly tarball no local data for is-promise@https://registry.npmjs.org/is-promise/-/is-promise-4.0.0.tgz. Extracting by manifest.
636 silly tarball no local data for unpipe@https://registry.npmjs.org/unpipe/-/unpipe-1.0.0.tgz. Extracting by manifest.
637 silly tarball no local data for side-channel@https://registry.npmjs.org/side-channel/-/side-channel-1.1.0.tgz. Extracting by manifest.
638 silly tarball no local data for forwarded@https://registry.npmjs.org/forwarded/-/forwarded-0.2.0.tgz. Extracting by manifest.
639 silly tarball no local data for ipaddr.js@https://registry.npmjs.org/ipaddr.js/-/ipaddr.js-1.9.1.tgz. Extracting by manifest.
640 silly tarball no local data for ee-first@https://registry.npmjs.org/ee-first/-/ee-first-1.1.1.tgz. Extracting by manifest.
641 silly tarball no local data for lru-cache@https://registry.npmjs.org/lru-cache/-/lru-cache-7.18.3.tgz. Extracting by manifest.
642 silly tarball no local data for wrappy@https://registry.npmjs.org/wrappy/-/wrappy-1.0.2.tgz. Extracting by manifest.
643 silly tarball no local data for is-property@https://registry.npmjs.org/is-property/-/is-property-1.0.2.tgz. Extracting by manifest.
644 silly tarball no local data for sqlstring@https://registry.npmjs.org/sqlstring/-/sqlstring-2.3.3.tgz. Extracting by manifest.
645 silly tarball no local data for seq-queue@https://registry.npmjs.org/seq-queue/-/seq-queue-0.0.5.tgz. Extracting by manifest.
646 silly tarball no local data for named-placeholders@https://registry.npmjs.org/named-placeholders/-/named-placeholders-1.1.3.tgz. Extracting by manifest.
647 silly tarball no local data for get-intrinsic@https://registry.npmjs.org/get-intrinsic/-/get-intrinsic-1.3.0.tgz. Extracting by manifest.
648 silly tarball no local data for lru.min@https://registry.npmjs.org/lru.min/-/lru.min-1.1.2.tgz. Extracting by manifest.
649 silly tarball no local data for long@https://registry.npmjs.org/long/-/long-5.3.2.tgz. Extracting by manifest.
650 silly tarball no local data for generate-function@https://registry.npmjs.org/generate-function/-/generate-function-2.3.1.tgz. Extracting by manifest.
651 silly tarball no local data for aws-ssl-profiles@https://registry.npmjs.org/aws-ssl-profiles/-/aws-ssl-profiles-1.1.2.tgz. Extracting by manifest.
652 silly tarball no local data for mime-db@https://registry.npmjs.org/mime-db/-/mime-db-1.54.0.tgz. Extracting by manifest.
653 silly tarball no local data for denque@https://registry.npmjs.org/denque/-/denque-2.1.0.tgz. Extracting by manifest.
654 silly tarball no local data for ecdsa-sig-formatter@https://registry.npmjs.org/ecdsa-sig-formatter/-/ecdsa-sig-formatter-1.0.11.tgz. Extracting by manifest.
655 silly tarball no local data for jwa@https://registry.npmjs.org/jwa/-/jwa-1.4.2.tgz. Extracting by manifest.
656 silly tarball no local data for buffer-equal-constant-time@https://registry.npmjs.org/buffer-equal-constant-time/-/buffer-equal-constant-time-1.0.1.tgz. Extracting by manifest.
657 silly tarball no local data for semver@https://registry.npmjs.org/semver/-/semver-7.7.2.tgz. Extracting by manifest.
658 silly tarball no local data for lodash.once@https://registry.npmjs.org/lodash.once/-/lodash.once-4.1.1.tgz. Extracting by manifest.
659 silly tarball no local data for lodash.isstring@https://registry.npmjs.org/lodash.isstring/-/lodash.isstring-4.0.1.tgz. Extracting by manifest.
660 silly tarball no local data for lodash.isplainobject@https://registry.npmjs.org/lodash.isplainobject/-/lodash.isplainobject-4.0.6.tgz. Extracting by manifest.
661 silly tarball no local data for lodash.isnumber@https://registry.npmjs.org/lodash.isnumber/-/lodash.isnumber-3.0.3.tgz. Extracting by manifest.
662 silly tarball no local data for lodash.isinteger@https://registry.npmjs.org/lodash.isinteger/-/lodash.isinteger-4.0.4.tgz. Extracting by manifest.
663 silly tarball no local data for lodash.isboolean@https://registry.npmjs.org/lodash.isboolean/-/lodash.isboolean-3.0.3.tgz. Extracting by manifest.
664 silly tarball no local data for jws@https://registry.npmjs.org/jws/-/jws-3.2.2.tgz. Extracting by manifest.
665 silly tarball no local data for safer-buffer@https://registry.npmjs.org/safer-buffer/-/safer-buffer-2.1.2.tgz. Extracting by manifest.
666 silly tarball no local data for lodash.includes@https://registry.npmjs.org/lodash.includes/-/lodash.includes-4.3.0.tgz. Extracting by manifest.
667 silly tarball no local data for toidentifier@https://registry.npmjs.org/toidentifier/-/toidentifier-1.0.1.tgz. Extracting by manifest.
668 silly tarball no local data for inherits@https://registry.npmjs.org/inherits/-/inherits-2.0.4.tgz. Extracting by manifest.
669 silly tarball no local data for setprototypeof@https://registry.npmjs.org/setprototypeof/-/setprototypeof-1.2.0.tgz. Extracting by manifest.
670 silly tarball no local data for depd@https://registry.npmjs.org/depd/-/depd-2.0.0.tgz. Extracting by manifest.
671 silly tarball no local data for ms@https://registry.npmjs.org/ms/-/ms-2.1.3.tgz. Extracting by manifest.
672 silly tarball no local data for safe-buffer@https://registry.npmjs.org/safe-buffer/-/safe-buffer-5.2.1.tgz. Extracting by manifest.
673 silly tarball no local data for raw-body@https://registry.npmjs.org/raw-body/-/raw-body-3.0.0.tgz. Extracting by manifest.
674 silly tarball no local data for iconv-lite@https://registry.npmjs.org/iconv-lite/-/iconv-lite-0.6.3.tgz. Extracting by manifest.
675 silly tarball no local data for bytes@https://registry.npmjs.org/bytes/-/bytes-3.1.2.tgz. Extracting by manifest.
676 silly tarball no local data for negotiator@https://registry.npmjs.org/negotiator/-/negotiator-1.0.0.tgz. Extracting by manifest.
677 silly tarball no local data for statuses@https://registry.npmjs.org/statuses/-/statuses-2.0.2.tgz. Extracting by manifest.
678 silly tarball no local data for type-is@https://registry.npmjs.org/type-is/-/type-is-2.0.1.tgz. Extracting by manifest.
679 silly tarball no local data for serve-static@https://registry.npmjs.org/serve-static/-/serve-static-2.2.0.tgz. Extracting by manifest.
680 silly tarball no local data for send@https://registry.npmjs.org/send/-/send-1.2.0.tgz. Extracting by manifest.
681 silly tarball no local data for router@https://registry.npmjs.org/router/-/router-2.2.0.tgz. Extracting by manifest.
682 silly tarball no local data for qs@https://registry.npmjs.org/qs/-/qs-6.14.0.tgz. Extracting by manifest.
683 silly tarball no local data for range-parser@https://registry.npmjs.org/range-parser/-/range-parser-1.2.1.tgz. Extracting by manifest.
684 silly tarball no local data for once@https://registry.npmjs.org/once/-/once-1.4.0.tgz. Extracting by manifest.
685 silly tarball no local data for proxy-addr@https://registry.npmjs.org/proxy-addr/-/proxy-addr-2.0.7.tgz. Extracting by manifest.
686 silly tarball no local data for on-finished@https://registry.npmjs.org/on-finished/-/on-finished-2.4.1.tgz. Extracting by manifest.
687 silly tarball no local data for mime-types@https://registry.npmjs.org/mime-types/-/mime-types-3.0.1.tgz. Extracting by manifest.
688 silly tarball no local data for merge-descriptors@https://registry.npmjs.org/merge-descriptors/-/merge-descriptors-2.0.0.tgz. Extracting by manifest.
689 silly tarball no local data for fresh@https://registry.npmjs.org/fresh/-/fresh-2.0.0.tgz. Extracting by manifest.
690 silly tarball no local data for http-errors@https://registry.npmjs.org/http-errors/-/http-errors-2.0.0.tgz. Extracting by manifest.
691 silly tarball no local data for parseurl@https://registry.npmjs.org/parseurl/-/parseurl-1.3.3.tgz. Extracting by manifest.
692 silly tarball no local data for finalhandler@https://registry.npmjs.org/finalhandler/-/finalhandler-2.1.0.tgz. Extracting by manifest.
693 silly tarball no local data for etag@https://registry.npmjs.org/etag/-/etag-1.8.1.tgz. Extracting by manifest.
694 silly tarball no local data for escape-html@https://registry.npmjs.org/escape-html/-/escape-html-1.0.3.tgz. Extracting by manifest.
695 silly tarball no local data for encodeurl@https://registry.npmjs.org/encodeurl/-/encodeurl-2.0.0.tgz. Extracting by manifest.
696 silly tarball no local data for debug@https://registry.npmjs.org/debug/-/debug-4.4.1.tgz. Extracting by manifest.
697 silly tarball no local data for cookie-signature@https://registry.npmjs.org/cookie-signature/-/cookie-signature-1.2.2.tgz. Extracting by manifest.
698 silly tarball no local data for cookie@https://registry.npmjs.org/cookie/-/cookie-0.7.2.tgz. Extracting by manifest.
699 silly tarball no local data for content-type@https://registry.npmjs.org/content-type/-/content-type-1.0.5.tgz. Extracting by manifest.
700 silly tarball no local data for content-disposition@https://registry.npmjs.org/content-disposition/-/content-disposition-1.0.0.tgz. Extracting by manifest.
701 silly tarball no local data for accepts@https://registry.npmjs.org/accepts/-/accepts-2.0.0.tgz. Extracting by manifest.
702 silly tarball no local data for vary@https://registry.npmjs.org/vary/-/vary-1.1.2.tgz. Extracting by manifest.
703 silly tarball no local data for body-parser@https://registry.npmjs.org/body-parser/-/body-parser-2.2.0.tgz. Extracting by manifest.
704 silly tarball no local data for object-assign@https://registry.npmjs.org/object-assign/-/object-assign-4.1.1.tgz. Extracting by manifest.
705 silly tarball no local data for mysql2@https://registry.npmjs.org/mysql2/-/mysql2-3.14.3.tgz. Extracting by manifest.
706 silly tarball no local data for jsonwebtoken@https://registry.npmjs.org/jsonwebtoken/-/jsonwebtoken-9.0.2.tgz. Extracting by manifest.
707 silly tarball no local data for express@https://registry.npmjs.org/express/-/express-5.1.0.tgz. Extracting by manifest.
708 silly tarball no local data for dotenv@https://registry.npmjs.org/dotenv/-/dotenv-17.2.1.tgz. Extracting by manifest.
709 silly tarball no local data for cors@https://registry.npmjs.org/cors/-/cors-2.8.5.tgz. Extracting by manifest.
710 silly tarball no local data for bcryptjs@https://registry.npmjs.org/bcryptjs/-/bcryptjs-3.0.2.tgz. Extracting by manifest.
711 silly tarball no local data for statuses@https://registry.npmjs.org/statuses/-/statuses-2.0.1.tgz. Extracting by manifest.
712 http fetch POST 200 https://registry.npmjs.org/-/npm/v1/security/advisories/bulk 387ms
713 silly audit report {}
714 http fetch GET 200 https://registry.npmjs.org/media-typer/-/media-typer-1.1.0.tgz 356ms (cache miss)
715 http fetch GET 200 https://registry.npmjs.org/math-intrinsics/-/math-intrinsics-1.1.0.tgz 354ms (cache miss)
716 http fetch GET 200 https://registry.npmjs.org/dunder-proto/-/dunder-proto-1.0.1.tgz 356ms (cache miss)
717 http fetch GET 200 https://registry.npmjs.org/hasown/-/hasown-2.0.2.tgz 358ms (cache miss)
718 http fetch GET 200 https://registry.npmjs.org/gopd/-/gopd-1.2.0.tgz 357ms (cache miss)
719 http fetch GET 200 https://registry.npmjs.org/has-symbols/-/has-symbols-1.1.0.tgz 362ms (cache miss)
720 http fetch GET 200 https://registry.npmjs.org/is-promise/-/is-promise-4.0.0.tgz 426ms (cache miss)
721 http fetch GET 200 https://registry.npmjs.org/unpipe/-/unpipe-1.0.0.tgz 426ms (cache miss)
722 http fetch GET 200 https://registry.npmjs.org/function-bind/-/function-bind-1.1.2.tgz 431ms (cache miss)
723 http fetch GET 200 https://registry.npmjs.org/es-errors/-/es-errors-1.3.0.tgz 479ms (cache miss)
724 http fetch GET 200 https://registry.npmjs.org/side-channel/-/side-channel-1.1.0.tgz 480ms (cache miss)
725 http fetch GET 200 https://registry.npmjs.org/path-to-regexp/-/path-to-regexp-8.2.0.tgz 487ms (cache miss)
726 http fetch GET 200 https://registry.npmjs.org/forwarded/-/forwarded-0.2.0.tgz 518ms (cache miss)
727 http fetch GET 200 https://registry.npmjs.org/ee-first/-/ee-first-1.1.1.tgz 601ms (cache miss)
728 http fetch GET 200 https://registry.npmjs.org/object-inspect/-/object-inspect-1.13.4.tgz 624ms (cache miss)
729 http fetch GET 200 https://registry.npmjs.org/ipaddr.js/-/ipaddr.js-1.9.1.tgz 622ms (cache miss)
730 http fetch GET 200 https://registry.npmjs.org/side-channel-weakmap/-/side-channel-weakmap-1.0.2.tgz 634ms (cache miss)
731 http fetch GET 200 https://registry.npmjs.org/wrappy/-/wrappy-1.0.2.tgz 628ms (cache miss)
732 http fetch GET 200 https://registry.npmjs.org/lru-cache/-/lru-cache-7.18.3.tgz 630ms (cache miss)
733 http fetch GET 200 https://registry.npmjs.org/es-define-property/-/es-define-property-1.0.1.tgz 655ms (cache miss)
734 http fetch GET 200 https://registry.npmjs.org/is-property/-/is-property-1.0.2.tgz 634ms (cache miss)
735 http fetch GET 200 https://registry.npmjs.org/es-object-atoms/-/es-object-atoms-1.1.1.tgz 651ms (cache miss)
736 http fetch GET 200 https://registry.npmjs.org/call-bound/-/call-bound-1.0.4.tgz 652ms (cache miss)
737 http fetch GET 200 https://registry.npmjs.org/call-bind-apply-helpers/-/call-bind-apply-helpers-1.0.2.tgz 655ms (cache miss)
738 http fetch GET 200 https://registry.npmjs.org/get-proto/-/get-proto-1.0.1.tgz 834ms (cache miss)
739 http fetch GET 200 https://registry.npmjs.org/seq-queue/-/seq-queue-0.0.5.tgz 808ms (cache miss)
740 http fetch GET 200 https://registry.npmjs.org/named-placeholders/-/named-placeholders-1.1.3.tgz 812ms (cache miss)
741 http fetch GET 200 https://registry.npmjs.org/jwa/-/jwa-1.4.2.tgz 813ms (cache miss)
742 http fetch GET 200 https://registry.npmjs.org/generate-function/-/generate-function-2.3.1.tgz 821ms (cache miss)
743 http fetch GET 200 https://registry.npmjs.org/mime-db/-/mime-db-1.54.0.tgz 827ms (cache miss)
744 http fetch GET 200 https://registry.npmjs.org/side-channel-list/-/side-channel-list-1.0.0.tgz 851ms (cache miss)
745 http fetch GET 200 https://registry.npmjs.org/ecdsa-sig-formatter/-/ecdsa-sig-formatter-1.0.11.tgz 848ms (cache miss)
746 http fetch GET 200 https://registry.npmjs.org/lru.min/-/lru.min-1.1.2.tgz 855ms (cache miss)
747 http fetch GET 200 https://registry.npmjs.org/denque/-/denque-2.1.0.tgz 852ms (cache miss)
748 http fetch GET 200 https://registry.npmjs.org/buffer-equal-constant-time/-/buffer-equal-constant-time-1.0.1.tgz 863ms (cache miss)
749 http fetch GET 200 https://registry.npmjs.org/lodash.isstring/-/lodash.isstring-4.0.1.tgz 864ms (cache miss)
750 http fetch GET 200 https://registry.npmjs.org/long/-/long-5.3.2.tgz 884ms (cache miss)
751 http fetch GET 200 https://registry.npmjs.org/lodash.isboolean/-/lodash.isboolean-3.0.3.tgz 878ms (cache miss)
752 http fetch GET 200 https://registry.npmjs.org/lodash.isinteger/-/lodash.isinteger-4.0.4.tgz 883ms (cache miss)
753 http fetch GET 200 https://registry.npmjs.org/lodash.isplainobject/-/lodash.isplainobject-4.0.6.tgz 888ms (cache miss)
754 http fetch GET 200 https://registry.npmjs.org/lodash.includes/-/lodash.includes-4.3.0.tgz 894ms (cache miss)
755 http fetch GET 200 https://registry.npmjs.org/inherits/-/inherits-2.0.4.tgz 902ms (cache miss)
756 http fetch GET 200 https://registry.npmjs.org/safer-buffer/-/safer-buffer-2.1.2.tgz 915ms (cache miss)
757 http fetch GET 200 https://registry.npmjs.org/setprototypeof/-/setprototypeof-1.2.0.tgz 921ms (cache miss)
758 http fetch GET 200 https://registry.npmjs.org/aws-ssl-profiles/-/aws-ssl-profiles-1.1.2.tgz 971ms (cache miss)
759 http fetch GET 200 https://registry.npmjs.org/toidentifier/-/toidentifier-1.0.1.tgz 962ms (cache miss)
760 http fetch GET 200 https://registry.npmjs.org/depd/-/depd-2.0.0.tgz 967ms (cache miss)
761 http fetch GET 200 https://registry.npmjs.org/ms/-/ms-2.1.3.tgz 968ms (cache miss)
762 http fetch GET 200 https://registry.npmjs.org/semver/-/semver-7.7.2.tgz 982ms (cache miss)
763 http fetch GET 200 https://registry.npmjs.org/bytes/-/bytes-3.1.2.tgz 980ms (cache miss)
764 http fetch GET 200 https://registry.npmjs.org/negotiator/-/negotiator-1.0.0.tgz 1030ms (cache miss)
765 http fetch GET 200 https://registry.npmjs.org/raw-body/-/raw-body-3.0.0.tgz 1078ms (cache miss)
766 http fetch GET 200 https://registry.npmjs.org/type-is/-/type-is-2.0.1.tgz 1079ms (cache miss)
767 http fetch GET 200 https://registry.npmjs.org/statuses/-/statuses-2.0.2.tgz 1088ms (cache miss)
768 http fetch GET 200 https://registry.npmjs.org/serve-static/-/serve-static-2.2.0.tgz 1089ms (cache miss)
769 http fetch GET 200 https://registry.npmjs.org/send/-/send-1.2.0.tgz 1090ms (cache miss)
770 http fetch GET 200 https://registry.npmjs.org/iconv-lite/-/iconv-lite-0.6.3.tgz 1114ms (cache miss)
771 http fetch GET 200 https://registry.npmjs.org/router/-/router-2.2.0.tgz 1109ms (cache miss)
772 http fetch GET 200 https://registry.npmjs.org/range-parser/-/range-parser-1.2.1.tgz 1157ms (cache miss)
773 http fetch GET 200 https://registry.npmjs.org/once/-/once-1.4.0.tgz 1156ms (cache miss)
774 http fetch GET 200 https://registry.npmjs.org/qs/-/qs-6.14.0.tgz 1164ms (cache miss)
775 http fetch GET 200 https://registry.npmjs.org/proxy-addr/-/proxy-addr-2.0.7.tgz 1192ms (cache miss)
776 http fetch GET 200 https://registry.npmjs.org/merge-descriptors/-/merge-descriptors-2.0.0.tgz 1191ms (cache miss)
777 http fetch GET 200 https://registry.npmjs.org/mime-types/-/mime-types-3.0.1.tgz 1224ms (cache miss)
778 http fetch GET 200 https://registry.npmjs.org/fresh/-/fresh-2.0.0.tgz 1223ms (cache miss)
779 http fetch GET 200 https://registry.npmjs.org/on-finished/-/on-finished-2.4.1.tgz 1226ms (cache miss)
780 http fetch GET 200 https://registry.npmjs.org/parseurl/-/parseurl-1.3.3.tgz 1283ms (cache miss)
781 http fetch GET 200 https://registry.npmjs.org/http-errors/-/http-errors-2.0.0.tgz 1285ms (cache miss)
782 http fetch GET 200 https://registry.npmjs.org/escape-html/-/escape-html-1.0.3.tgz 1292ms (cache miss)
783 http fetch GET 200 https://registry.npmjs.org/finalhandler/-/finalhandler-2.1.0.tgz 1303ms (cache miss)
784 http fetch GET 200 https://registry.npmjs.org/etag/-/etag-1.8.1.tgz 1359ms (cache miss)
785 http fetch GET 200 https://registry.npmjs.org/cookie-signature/-/cookie-signature-1.2.2.tgz 1356ms (cache miss)
786 http fetch GET 200 https://registry.npmjs.org/debug/-/debug-4.4.1.tgz 1359ms (cache miss)
787 http fetch GET 200 https://registry.npmjs.org/cookie/-/cookie-0.7.2.tgz 1366ms (cache miss)
788 http fetch GET 200 https://registry.npmjs.org/content-type/-/content-type-1.0.5.tgz 1396ms (cache miss)
789 http fetch GET 200 https://registry.npmjs.org/encodeurl/-/encodeurl-2.0.0.tgz 1400ms (cache miss)
790 http fetch GET 200 https://registry.npmjs.org/content-disposition/-/content-disposition-1.0.0.tgz 1408ms (cache miss)
791 http fetch GET 200 https://registry.npmjs.org/accepts/-/accepts-2.0.0.tgz 1492ms (cache miss)
792 http fetch GET 200 https://registry.npmjs.org/jsonwebtoken/-/jsonwebtoken-9.0.2.tgz 1548ms (cache miss)
793 http fetch GET 200 https://registry.npmjs.org/vary/-/vary-1.1.2.tgz 1552ms (cache miss)
794 http fetch GET 200 https://registry.npmjs.org/object-assign/-/object-assign-4.1.1.tgz 1557ms (cache miss)
795 http fetch GET 200 https://registry.npmjs.org/body-parser/-/body-parser-2.2.0.tgz 1571ms (cache miss)
796 http fetch GET 200 https://registry.npmjs.org/express/-/express-5.1.0.tgz 1569ms (cache miss)
797 http fetch GET 200 https://registry.npmjs.org/sqlstring/-/sqlstring-2.3.3.tgz 1625ms (cache miss)
798 http fetch GET 200 https://registry.npmjs.org/dotenv/-/dotenv-17.2.1.tgz 1574ms (cache miss)
799 http fetch GET 200 https://registry.npmjs.org/side-channel-map/-/side-channel-map-1.0.1.tgz 1645ms (cache miss)
800 http fetch GET 200 https://registry.npmjs.org/statuses/-/statuses-2.0.1.tgz 1683ms (cache miss)
801 http fetch GET 200 https://registry.npmjs.org/get-intrinsic/-/get-intrinsic-1.3.0.tgz 1740ms (cache miss)
802 http fetch GET 200 https://registry.npmjs.org/mysql2/-/mysql2-3.14.3.tgz 1704ms (cache miss)
803 http fetch GET 200 https://registry.npmjs.org/lodash.once/-/lodash.once-4.1.1.tgz 1826ms (cache miss)
804 http fetch GET 200 https://registry.npmjs.org/jws/-/jws-3.2.2.tgz 1954ms (cache miss)
805 http fetch GET 200 https://registry.npmjs.org/safe-buffer/-/safe-buffer-5.2.1.tgz 1961ms (cache miss)
806 http fetch GET 200 https://registry.npmjs.org/cors/-/cors-2.8.5.tgz 2599ms (cache miss)
807 http fetch GET 200 https://registry.npmjs.org/bcryptjs/-/bcryptjs-3.0.2.tgz 2764ms (cache miss)
808 http fetch GET 200 https://registry.npmjs.org/lodash.isnumber/-/lodash.isnumber-3.0.3.tgz 3896ms (cache miss)
809 silly ADD node_modules/media-typer
810 silly ADD node_modules/dunder-proto
811 silly ADD node_modules/math-intrinsics
812 silly ADD node_modules/hasown
813 silly ADD node_modules/has-symbols
814 silly ADD node_modules/gopd
815 silly ADD node_modules/get-proto
816 silly ADD node_modules/es-object-atoms
817 silly ADD node_modules/es-define-property
818 silly ADD node_modules/function-bind
819 silly ADD node_modules/call-bind-apply-helpers
820 silly ADD node_modules/get-intrinsic
821 silly ADD node_modules/call-bound
822 silly ADD node_modules/side-channel-weakmap
823 silly ADD node_modules/side-channel-map
824 silly ADD node_modules/side-channel-list
825 silly ADD node_modules/object-inspect
826 silly ADD node_modules/es-errors
827 silly ADD node_modules/path-to-regexp
828 silly ADD node_modules/is-promise
829 silly ADD node_modules/unpipe
830 silly ADD node_modules/side-channel
831 silly ADD node_modules/ipaddr.js
832 silly ADD node_modules/forwarded
833 silly ADD node_modules/wrappy
834 silly ADD node_modules/ee-first
835 silly ADD node_modules/lru-cache
836 silly ADD node_modules/is-property
837 silly ADD node_modules/sqlstring
838 silly ADD node_modules/seq-queue
839 silly ADD node_modules/named-placeholders
840 silly ADD node_modules/lru.min
841 silly ADD node_modules/long
842 silly ADD node_modules/generate-function
843 silly ADD node_modules/denque
844 silly ADD node_modules/aws-ssl-profiles
845 silly ADD node_modules/mime-db
846 silly ADD node_modules/ecdsa-sig-formatter
847 silly ADD node_modules/buffer-equal-constant-time
848 silly ADD node_modules/jwa
849 silly ADD node_modules/semver
850 silly ADD node_modules/lodash.once
851 silly ADD node_modules/lodash.isstring
852 silly ADD node_modules/lodash.isplainobject
853 silly ADD node_modules/lodash.isnumber
854 silly ADD node_modules/lodash.isinteger
855 silly ADD node_modules/lodash.isboolean
856 silly ADD node_modules/lodash.includes
857 silly ADD node_modules/jws
858 silly ADD node_modules/safer-buffer
859 silly ADD node_modules/toidentifier
860 silly ADD node_modules/setprototypeof
861 silly ADD node_modules/inherits
862 silly ADD node_modules/depd
863 silly ADD node_modules/ms
864 silly ADD node_modules/safe-buffer
865 silly ADD node_modules/raw-body
866 silly ADD node_modules/iconv-lite
867 silly ADD node_modules/bytes
868 silly ADD node_modules/negotiator
869 silly ADD node_modules/type-is
870 silly ADD node_modules/statuses
871 silly ADD node_modules/serve-static
872 silly ADD node_modules/send
873 silly ADD node_modules/router
874 silly ADD node_modules/range-parser
875 silly ADD node_modules/qs
876 silly ADD node_modules/proxy-addr
877 silly ADD node_modules/parseurl
878 silly ADD node_modules/once
879 silly ADD node_modules/on-finished
880 silly ADD node_modules/mime-types
881 silly ADD node_modules/merge-descriptors
882 silly ADD node_modules/http-errors
883 silly ADD node_modules/http-errors/node_modules/statuses
884 silly ADD node_modules/fresh
885 silly ADD node_modules/finalhandler
886 silly ADD node_modules/etag
887 silly ADD node_modules/escape-html
888 silly ADD node_modules/encodeurl
889 silly ADD node_modules/debug
890 silly ADD node_modules/cookie-signature
891 silly ADD node_modules/cookie
892 silly ADD node_modules/content-type
893 silly ADD node_modules/content-disposition
894 silly ADD node_modules/body-parser
895 silly ADD node_modules/accepts
896 silly ADD node_modules/vary
897 silly ADD node_modules/object-assign
898 silly ADD node_modules/mysql2
899 silly ADD node_modules/jsonwebtoken
900 silly ADD node_modules/express
901 silly ADD node_modules/dotenv
902 silly ADD node_modules/cors
903 silly ADD node_modules/bcryptjs
904 verbose cwd /data/data/com.termux/files/home
905 verbose os Linux 5.10.226-android12-9-00047-g4968e29b7f92-ab12786767
906 verbose node v24.5.0
907 verbose npm  v11.5.1
908 verbose exit 0
909 info ok
