0 verbose cli /data/data/com.termux/files/usr/bin/node /data/data/com.termux/files/usr/bin/npm
1 info using npm@11.5.1
2 info using node@v24.5.0
3 silly config load:file:/data/data/com.termux/files/usr/lib/node_modules/npm/npmrc
4 silly config load:file:/data/data/com.termux/files/home/.npmrc
5 silly config load:file:/data/data/com.termux/files/usr/etc/npmrc
6 verbose title npm install nodemon
7 verbose argv "install" "--save-dev" "nodemon"
8 verbose logfile logs-max:10 dir:/data/data/com.termux/files/home/.npm/_logs/2025-08-09T15_11_19_745Z-
9 verbose logfile /data/data/com.termux/files/home/.npm/_logs/2025-08-09T15_11_19_745Z-debug-0.log
10 silly logfile done cleaning log files
11 silly packumentCache heap:1174405120 maxSize:293601280 maxEntrySize:146800640
12 silly idealTree buildDeps
13 silly fetch manifest nodemon@*
14 silly packumentCache full:https://registry.npmjs.org/nodemon cache-miss
15 http fetch GET 200 https://registry.npmjs.org/nodemon 905ms (cache miss)
16 silly packumentCache full:https://registry.npmjs.org/nodemon set size:undefined disposed:false
17 silly placeDep ROOT nodemon@3.1.10 OK for: home@1.0.0 want: *
18 silly fetch manifest touch@^3.1.0
19 silly packumentCache full:https://registry.npmjs.org/touch cache-miss
20 silly fetch manifest chokidar@^3.5.2
21 silly packumentCache full:https://registry.npmjs.org/chokidar cache-miss
22 silly fetch manifest minimatch@^3.1.2
23 silly packumentCache full:https://registry.npmjs.org/minimatch cache-miss
24 silly fetch manifest undefsafe@^2.0.5
25 silly packumentCache full:https://registry.npmjs.org/undefsafe cache-miss
26 silly fetch manifest pstree.remy@^1.1.8
27 silly packumentCache full:https://registry.npmjs.org/pstree.remy cache-miss
28 silly fetch manifest supports-color@^5.5.0
29 silly packumentCache full:https://registry.npmjs.org/supports-color cache-miss
30 silly fetch manifest ignore-by-default@^1.0.1
31 silly packumentCache full:https://registry.npmjs.org/ignore-by-default cache-miss
32 http fetch GET 200 https://registry.npmjs.org/touch 590ms (cache miss)
33 silly packumentCache full:https://registry.npmjs.org/touch set size:undefined disposed:false
34 silly fetch manifest simple-update-notifier@^2.0.0
35 silly packumentCache full:https://registry.npmjs.org/simple-update-notifier cache-miss
36 http fetch GET 200 https://registry.npmjs.org/simple-update-notifier 167ms (cache miss)
37 silly packumentCache full:https://registry.npmjs.org/simple-update-notifier set size:undefined disposed:false
38 http fetch GET 200 https://registry.npmjs.org/undefsafe 834ms (cache miss)
39 silly packumentCache full:https://registry.npmjs.org/undefsafe set size:undefined disposed:false
40 http fetch GET 200 https://registry.npmjs.org/pstree.remy 924ms (cache miss)
41 silly packumentCache full:https://registry.npmjs.org/pstree.remy set size:undefined disposed:false
42 http fetch GET 200 https://registry.npmjs.org/supports-color 981ms (cache miss)
43 silly packumentCache full:https://registry.npmjs.org/supports-color set size:undefined disposed:false
44 http fetch GET 200 https://registry.npmjs.org/minimatch 1065ms (cache miss)
45 silly packumentCache full:https://registry.npmjs.org/minimatch set size:undefined disposed:false
46 http fetch GET 200 https://registry.npmjs.org/chokidar 1349ms (cache miss)
47 silly packumentCache full:https://registry.npmjs.org/chokidar set size:undefined disposed:false
48 http fetch GET 200 https://registry.npmjs.org/ignore-by-default 3907ms (cache miss)
49 silly packumentCache full:https://registry.npmjs.org/ignore-by-default set size:undefined disposed:false
50 silly placeDep ROOT chokidar@3.6.0 OK for: nodemon@3.1.10 want: ^3.5.2
51 silly placeDep ROOT ignore-by-default@1.0.1 OK for: nodemon@3.1.10 want: ^1.0.1
52 silly placeDep ROOT minimatch@3.1.2 OK for: nodemon@3.1.10 want: ^3.1.2
53 silly placeDep ROOT pstree.remy@1.1.8 OK for: nodemon@3.1.10 want: ^1.1.8
54 silly placeDep ROOT simple-update-notifier@2.0.0 OK for: nodemon@3.1.10 want: ^2.0.0
55 silly placeDep ROOT supports-color@5.5.0 OK for: nodemon@3.1.10 want: ^5.5.0
56 silly placeDep ROOT touch@3.1.1 OK for: nodemon@3.1.10 want: ^3.1.0
57 silly placeDep ROOT undefsafe@2.0.5 OK for: nodemon@3.1.10 want: ^2.0.5
58 silly fetch manifest braces@~3.0.2
59 silly packumentCache full:https://registry.npmjs.org/braces cache-miss
60 silly fetch manifest is-glob@~4.0.1
61 silly packumentCache full:https://registry.npmjs.org/is-glob cache-miss
62 silly fetch manifest anymatch@~3.1.2
63 silly packumentCache full:https://registry.npmjs.org/anymatch cache-miss
64 silly fetch manifest readdirp@~3.6.0
65 silly packumentCache full:https://registry.npmjs.org/readdirp cache-miss
66 silly fetch manifest glob-parent@~5.1.2
67 silly packumentCache full:https://registry.npmjs.org/glob-parent cache-miss
68 silly fetch manifest is-binary-path@~2.1.0
69 silly packumentCache full:https://registry.npmjs.org/is-binary-path cache-miss
70 silly fetch manifest normalize-path@~3.0.0
71 silly packumentCache full:https://registry.npmjs.org/normalize-path cache-miss
72 http fetch GET 200 https://registry.npmjs.org/is-glob 176ms (cache miss)
73 silly packumentCache full:https://registry.npmjs.org/is-glob set size:undefined disposed:false
74 silly fetch manifest fsevents@~2.3.2
75 silly packumentCache full:https://registry.npmjs.org/fsevents cache-miss
76 http fetch GET 200 https://registry.npmjs.org/anymatch 181ms (cache miss)
77 silly packumentCache full:https://registry.npmjs.org/anymatch set size:undefined disposed:false
78 silly fetch manifest brace-expansion@^1.1.7
79 silly packumentCache full:https://registry.npmjs.org/brace-expansion cache-miss
80 http fetch GET 200 https://registry.npmjs.org/readdirp 191ms (cache miss)
81 silly packumentCache full:https://registry.npmjs.org/readdirp set size:undefined disposed:false
82 silly fetch manifest has-flag@^3.0.0
83 silly packumentCache full:https://registry.npmjs.org/has-flag cache-miss
84 http fetch GET 200 https://registry.npmjs.org/glob-parent 202ms (cache miss)
85 silly packumentCache full:https://registry.npmjs.org/glob-parent set size:undefined disposed:false
86 http fetch GET 200 https://registry.npmjs.org/braces 208ms (cache miss)
87 silly packumentCache full:https://registry.npmjs.org/braces set size:undefined disposed:false
88 http fetch GET 200 https://registry.npmjs.org/is-binary-path 238ms (cache miss)
89 silly packumentCache full:https://registry.npmjs.org/is-binary-path set size:undefined disposed:false
90 http fetch GET 200 https://registry.npmjs.org/normalize-path 262ms (cache miss)
91 silly packumentCache full:https://registry.npmjs.org/normalize-path set size:undefined disposed:false
92 http fetch GET 200 https://registry.npmjs.org/brace-expansion 187ms (cache miss)
93 silly packumentCache full:https://registry.npmjs.org/brace-expansion set size:undefined disposed:false
94 http fetch GET 200 https://registry.npmjs.org/has-flag 229ms (cache miss)
95 silly packumentCache full:https://registry.npmjs.org/has-flag set size:undefined disposed:false
96 http fetch GET 200 https://registry.npmjs.org/fsevents 1287ms (cache miss)
97 silly packumentCache full:https://registry.npmjs.org/fsevents set size:undefined disposed:false
98 silly placeDep ROOT anymatch@3.1.3 OK for: chokidar@3.6.0 want: ~3.1.2
99 silly placeDep ROOT braces@3.0.3 OK for: chokidar@3.6.0 want: ~3.0.2
100 silly placeDep ROOT fsevents@2.3.3 OK for: chokidar@3.6.0 want: ~2.3.2
101 silly placeDep ROOT glob-parent@5.1.2 OK for: chokidar@3.6.0 want: ~5.1.2
102 silly placeDep ROOT is-binary-path@2.1.0 OK for: chokidar@3.6.0 want: ~2.1.0
103 silly placeDep ROOT is-glob@4.0.3 OK for: chokidar@3.6.0 want: ~4.0.1
104 silly placeDep ROOT normalize-path@3.0.0 OK for: chokidar@3.6.0 want: ~3.0.0
105 silly placeDep ROOT readdirp@3.6.0 OK for: chokidar@3.6.0 want: ~3.6.0
106 silly fetch manifest picomatch@^2.0.4
107 silly packumentCache full:https://registry.npmjs.org/picomatch cache-miss
108 silly fetch manifest normalize-path@^3.0.0
109 silly packumentCache full:https://registry.npmjs.org/normalize-path cache-miss
110 silly fetch manifest fill-range@^7.1.1
111 silly packumentCache full:https://registry.npmjs.org/fill-range cache-miss
112 silly fetch manifest is-glob@^4.0.1
113 silly packumentCache full:https://registry.npmjs.org/is-glob cache-miss
114 silly fetch manifest binary-extensions@^2.0.0
115 silly packumentCache full:https://registry.npmjs.org/binary-extensions cache-miss
116 silly fetch manifest is-extglob@^2.1.1
117 silly packumentCache full:https://registry.npmjs.org/is-extglob cache-miss
118 silly fetch manifest picomatch@^2.2.1
119 silly packumentCache full:https://registry.npmjs.org/picomatch cache-miss
120 http cache https://registry.npmjs.org/is-glob 40ms (cache hit)
121 silly packumentCache full:https://registry.npmjs.org/is-glob set size:40530 disposed:false
122 http cache https://registry.npmjs.org/normalize-path 45ms (cache hit)
123 silly packumentCache full:https://registry.npmjs.org/normalize-path set size:28713 disposed:false
124 http fetch GET 200 https://registry.npmjs.org/is-extglob 173ms (cache miss)
125 silly packumentCache full:https://registry.npmjs.org/is-extglob set size:undefined disposed:false
126 http fetch GET 200 https://registry.npmjs.org/fill-range 179ms (cache miss)
127 silly packumentCache full:https://registry.npmjs.org/fill-range set size:undefined disposed:false
128 http fetch GET 200 https://registry.npmjs.org/binary-extensions 190ms (cache miss)
129 silly packumentCache full:https://registry.npmjs.org/binary-extensions set size:undefined disposed:false
130 http fetch GET 200 https://registry.npmjs.org/picomatch 199ms (cache miss)
131 silly packumentCache full:https://registry.npmjs.org/picomatch set size:undefined disposed:false
132 http fetch GET 200 https://registry.npmjs.org/picomatch 199ms (cache miss)
133 silly packumentCache full:https://registry.npmjs.org/picomatch set size:undefined disposed:false
134 silly placeDep ROOT picomatch@2.3.1 OK for: anymatch@3.1.3 want: ^2.0.4
135 silly placeDep ROOT fill-range@7.1.1 OK for: braces@3.0.3 want: ^7.1.1
136 silly fetch manifest to-regex-range@^5.0.1
137 silly packumentCache full:https://registry.npmjs.org/to-regex-range cache-miss
138 http fetch GET 200 https://registry.npmjs.org/to-regex-range 159ms (cache miss)
139 silly packumentCache full:https://registry.npmjs.org/to-regex-range set size:undefined disposed:false
140 silly placeDep ROOT to-regex-range@5.0.1 OK for: fill-range@7.1.1 want: ^5.0.1
141 silly fetch manifest is-number@^7.0.0
142 silly packumentCache full:https://registry.npmjs.org/is-number cache-miss
143 http fetch GET 200 https://registry.npmjs.org/is-number 224ms (cache miss)
144 silly packumentCache full:https://registry.npmjs.org/is-number set size:undefined disposed:false
145 silly placeDep ROOT binary-extensions@2.3.0 OK for: is-binary-path@2.1.0 want: ^2.0.0
146 silly placeDep ROOT is-extglob@2.1.1 OK for: is-glob@4.0.3 want: ^2.1.1
147 silly placeDep ROOT brace-expansion@1.1.12 OK for: minimatch@3.1.2 want: ^1.1.7
148 silly fetch manifest balanced-match@^1.0.0
149 silly packumentCache full:https://registry.npmjs.org/balanced-match cache-miss
150 silly fetch manifest concat-map@0.0.1
151 silly packumentCache full:https://registry.npmjs.org/concat-map cache-miss
152 http fetch GET 200 https://registry.npmjs.org/balanced-match 183ms (cache miss)
153 silly packumentCache full:https://registry.npmjs.org/balanced-match set size:undefined disposed:false
154 http fetch GET 200 https://registry.npmjs.org/concat-map 189ms (cache miss)
155 silly packumentCache full:https://registry.npmjs.org/concat-map set size:undefined disposed:false
156 silly placeDep ROOT balanced-match@1.0.2 OK for: brace-expansion@1.1.12 want: ^1.0.0
157 silly placeDep ROOT concat-map@0.0.1 OK for: brace-expansion@1.1.12 want: 0.0.1
158 silly placeDep ROOT has-flag@3.0.0 OK for: supports-color@5.5.0 want: ^3.0.0
159 silly placeDep ROOT is-number@7.0.0 OK for: to-regex-range@5.0.1 want: ^7.0.0
160 silly reify moves {}
161 silly audit bulk request {
161 silly audit   accepts: [ '2.0.0' ],
161 silly audit   'aws-ssl-profiles': [ '1.1.2' ],
161 silly audit   bcryptjs: [ '3.0.2' ],
161 silly audit   'body-parser': [ '2.2.0' ],
161 silly audit   'buffer-equal-constant-time': [ '1.0.1' ],
161 silly audit   bytes: [ '3.1.2' ],
161 silly audit   'call-bind-apply-helpers': [ '1.0.2' ],
161 silly audit   'call-bound': [ '1.0.4' ],
161 silly audit   'content-disposition': [ '1.0.0' ],
161 silly audit   'content-type': [ '1.0.5' ],
161 silly audit   cookie: [ '0.7.2' ],
161 silly audit   'cookie-signature': [ '1.2.2' ],
161 silly audit   cors: [ '2.8.5' ],
161 silly audit   debug: [ '4.4.1' ],
161 silly audit   denque: [ '2.1.0' ],
161 silly audit   depd: [ '2.0.0' ],
161 silly audit   dotenv: [ '17.2.1' ],
161 silly audit   'dunder-proto': [ '1.0.1' ],
161 silly audit   'ecdsa-sig-formatter': [ '1.0.11' ],
161 silly audit   'ee-first': [ '1.1.1' ],
161 silly audit   encodeurl: [ '2.0.0' ],
161 silly audit   'es-define-property': [ '1.0.1' ],
161 silly audit   'es-errors': [ '1.3.0' ],
161 silly audit   'es-object-atoms': [ '1.1.1' ],
161 silly audit   'escape-html': [ '1.0.3' ],
161 silly audit   etag: [ '1.8.1' ],
161 silly audit   express: [ '5.1.0' ],
161 silly audit   finalhandler: [ '2.1.0' ],
161 silly audit   forwarded: [ '0.2.0' ],
161 silly audit   fresh: [ '2.0.0' ],
161 silly audit   'function-bind': [ '1.1.2' ],
161 silly audit   'generate-function': [ '2.3.1' ],
161 silly audit   'get-intrinsic': [ '1.3.0' ],
161 silly audit   'get-proto': [ '1.0.1' ],
161 silly audit   gopd: [ '1.2.0' ],
161 silly audit   'has-symbols': [ '1.1.0' ],
161 silly audit   hasown: [ '2.0.2' ],
161 silly audit   'http-errors': [ '2.0.0' ],
161 silly audit   statuses: [ '2.0.1', '2.0.2' ],
161 silly audit   'iconv-lite': [ '0.6.3' ],
161 silly audit   inherits: [ '2.0.4' ],
161 silly audit   'ipaddr.js': [ '1.9.1' ],
161 silly audit   'is-promise': [ '4.0.0' ],
161 silly audit   'is-property': [ '1.0.2' ],
161 silly audit   jsonwebtoken: [ '9.0.2' ],
161 silly audit   jwa: [ '1.4.2' ],
161 silly audit   jws: [ '3.2.2' ],
161 silly audit   'lodash.includes': [ '4.3.0' ],
161 silly audit   'lodash.isboolean': [ '3.0.3' ],
161 silly audit   'lodash.isinteger': [ '4.0.4' ],
161 silly audit   'lodash.isnumber': [ '3.0.3' ],
161 silly audit   'lodash.isplainobject': [ '4.0.6' ],
161 silly audit   'lodash.isstring': [ '4.0.1' ],
161 silly audit   'lodash.once': [ '4.1.1' ],
161 silly audit   long: [ '5.3.2' ],
161 silly audit   'lru-cache': [ '7.18.3' ],
161 silly audit   'lru.min': [ '1.1.2' ],
161 silly audit   'math-intrinsics': [ '1.1.0' ],
161 silly audit   'media-typer': [ '1.1.0' ],
161 silly audit   'merge-descriptors': [ '2.0.0' ],
161 silly audit   'mime-db': [ '1.54.0' ],
161 silly audit   'mime-types': [ '3.0.1' ],
161 silly audit   ms: [ '2.1.3' ],
161 silly audit   mysql2: [ '3.14.3' ],
161 silly audit   'named-placeholders': [ '1.1.3' ],
161 silly audit   negotiator: [ '1.0.0' ],
161 silly audit   'object-assign': [ '4.1.1' ],
161 silly audit   'object-inspect': [ '1.13.4' ],
161 silly audit   'on-finished': [ '2.4.1' ],
161 silly audit   once: [ '1.4.0' ],
161 silly audit   parseurl: [ '1.3.3' ],
161 silly audit   'path-to-regexp': [ '8.2.0' ],
161 silly audit   'proxy-addr': [ '2.0.7' ],
161 silly audit   qs: [ '6.14.0' ],
161 silly audit   'range-parser': [ '1.2.1' ],
161 silly audit   'raw-body': [ '3.0.0' ],
161 silly audit   router: [ '2.2.0' ],
161 silly audit   'safe-buffer': [ '5.2.1' ],
161 silly audit   'safer-buffer': [ '2.1.2' ],
161 silly audit   semver: [ '7.7.2' ],
161 silly audit   send: [ '1.2.0' ],
161 silly audit   'seq-queue': [ '0.0.5' ],
161 silly audit   'serve-static': [ '2.2.0' ],
161 silly audit   setprototypeof: [ '1.2.0' ],
161 silly audit   'side-channel': [ '1.1.0' ],
161 silly audit   'side-channel-list': [ '1.0.0' ],
161 silly audit   'side-channel-map': [ '1.0.1' ],
161 silly audit   'side-channel-weakmap': [ '1.0.2' ],
161 silly audit   sqlstring: [ '2.3.3' ],
161 silly audit   toidentifier: [ '1.0.1' ],
161 silly audit   'type-is': [ '2.0.1' ],
161 silly audit   unpipe: [ '1.0.0' ],
161 silly audit   vary: [ '1.1.2' ],
161 silly audit   wrappy: [ '1.0.2' ],
161 silly audit   nodemon: [ '3.1.10' ],
161 silly audit   chokidar: [ '3.6.0' ],
161 silly audit   'ignore-by-default': [ '1.0.1' ],
161 silly audit   minimatch: [ '3.1.2' ],
161 silly audit   'pstree.remy': [ '1.1.8' ],
161 silly audit   'simple-update-notifier': [ '2.0.0' ],
161 silly audit   'supports-color': [ '5.5.0' ],
161 silly audit   touch: [ '3.1.1' ],
161 silly audit   undefsafe: [ '2.0.5' ],
161 silly audit   anymatch: [ '3.1.3' ],
161 silly audit   braces: [ '3.0.3' ],
161 silly audit   fsevents: [ '2.3.3' ],
161 silly audit   'glob-parent': [ '5.1.2' ],
161 silly audit   'is-binary-path': [ '2.1.0' ],
161 silly audit   'is-glob': [ '4.0.3' ],
161 silly audit   'normalize-path': [ '3.0.0' ],
161 silly audit   readdirp: [ '3.6.0' ],
161 silly audit   picomatch: [ '2.3.1' ],
161 silly audit   'fill-range': [ '7.1.1' ],
161 silly audit   'to-regex-range': [ '5.0.1' ],
161 silly audit   'binary-extensions': [ '2.3.0' ],
161 silly audit   'is-extglob': [ '2.1.1' ],
161 silly audit   'brace-expansion': [ '1.1.12' ],
161 silly audit   'balanced-match': [ '1.0.2' ],
161 silly audit   'concat-map': [ '0.0.1' ],
161 silly audit   'has-flag': [ '3.0.0' ],
161 silly audit   'is-number': [ '7.0.0' ]
161 silly audit }
162 verbose reify failed optional dependency /data/data/com.termux/files/home/node_modules/fsevents
163 silly reify mark deleted [ '/data/data/com.termux/files/home/node_modules/fsevents' ]
164 http cache is-number@https://registry.npmjs.org/is-number/-/is-number-7.0.0.tgz 0ms (cache hit)
165 http cache concat-map@https://registry.npmjs.org/concat-map/-/concat-map-0.0.1.tgz 0ms (cache hit)
166 http cache brace-expansion@https://registry.npmjs.org/brace-expansion/-/brace-expansion-1.1.12.tgz 0ms (cache hit)
167 http cache balanced-match@https://registry.npmjs.org/balanced-match/-/balanced-match-1.0.2.tgz 0ms (cache hit)
168 http cache has-flag@https://registry.npmjs.org/has-flag/-/has-flag-3.0.0.tgz 0ms (cache hit)
169 http cache is-extglob@https://registry.npmjs.org/is-extglob/-/is-extglob-2.1.1.tgz 0ms (cache hit)
170 http cache binary-extensions@https://registry.npmjs.org/binary-extensions/-/binary-extensions-2.3.0.tgz 0ms (cache hit)
171 http cache fill-range@https://registry.npmjs.org/fill-range/-/fill-range-7.1.1.tgz 0ms (cache hit)
172 http cache to-regex-range@https://registry.npmjs.org/to-regex-range/-/to-regex-range-5.0.1.tgz 0ms (cache hit)
173 http cache picomatch@https://registry.npmjs.org/picomatch/-/picomatch-2.3.1.tgz 0ms (cache hit)
174 http cache readdirp@https://registry.npmjs.org/readdirp/-/readdirp-3.6.0.tgz 0ms (cache hit)
175 http cache normalize-path@https://registry.npmjs.org/normalize-path/-/normalize-path-3.0.0.tgz 0ms (cache hit)
176 http cache is-glob@https://registry.npmjs.org/is-glob/-/is-glob-4.0.3.tgz 0ms (cache hit)
177 http cache is-binary-path@https://registry.npmjs.org/is-binary-path/-/is-binary-path-2.1.0.tgz 0ms (cache hit)
178 http cache braces@https://registry.npmjs.org/braces/-/braces-3.0.3.tgz 0ms (cache hit)
179 http cache glob-parent@https://registry.npmjs.org/glob-parent/-/glob-parent-5.1.2.tgz 0ms (cache hit)
180 http cache undefsafe@https://registry.npmjs.org/undefsafe/-/undefsafe-2.0.5.tgz 0ms (cache hit)
181 http cache anymatch@https://registry.npmjs.org/anymatch/-/anymatch-3.1.3.tgz 0ms (cache hit)
182 http cache touch@https://registry.npmjs.org/touch/-/touch-3.1.1.tgz 0ms (cache hit)
183 http cache supports-color@https://registry.npmjs.org/supports-color/-/supports-color-5.5.0.tgz 0ms (cache hit)
184 http cache simple-update-notifier@https://registry.npmjs.org/simple-update-notifier/-/simple-update-notifier-2.0.0.tgz 0ms (cache hit)
185 http cache pstree.remy@https://registry.npmjs.org/pstree.remy/-/pstree.remy-1.1.8.tgz 0ms (cache hit)
186 http cache minimatch@https://registry.npmjs.org/minimatch/-/minimatch-3.1.2.tgz 0ms (cache hit)
187 http cache ignore-by-default@https://registry.npmjs.org/ignore-by-default/-/ignore-by-default-1.0.1.tgz 0ms (cache hit)
188 http cache chokidar@https://registry.npmjs.org/chokidar/-/chokidar-3.6.0.tgz 0ms (cache hit)
189 http cache nodemon@https://registry.npmjs.org/nodemon/-/nodemon-3.1.10.tgz 0ms (cache hit)
190 silly tarball no local data for is-number@https://registry.npmjs.org/is-number/-/is-number-7.0.0.tgz. Extracting by manifest.
191 silly tarball no local data for concat-map@https://registry.npmjs.org/concat-map/-/concat-map-0.0.1.tgz. Extracting by manifest.
192 silly tarball no local data for brace-expansion@https://registry.npmjs.org/brace-expansion/-/brace-expansion-1.1.12.tgz. Extracting by manifest.
193 silly tarball no local data for balanced-match@https://registry.npmjs.org/balanced-match/-/balanced-match-1.0.2.tgz. Extracting by manifest.
194 silly tarball no local data for has-flag@https://registry.npmjs.org/has-flag/-/has-flag-3.0.0.tgz. Extracting by manifest.
195 silly tarball no local data for is-extglob@https://registry.npmjs.org/is-extglob/-/is-extglob-2.1.1.tgz. Extracting by manifest.
196 silly tarball no local data for binary-extensions@https://registry.npmjs.org/binary-extensions/-/binary-extensions-2.3.0.tgz. Extracting by manifest.
197 silly tarball no local data for fill-range@https://registry.npmjs.org/fill-range/-/fill-range-7.1.1.tgz. Extracting by manifest.
198 silly tarball no local data for to-regex-range@https://registry.npmjs.org/to-regex-range/-/to-regex-range-5.0.1.tgz. Extracting by manifest.
199 silly tarball no local data for picomatch@https://registry.npmjs.org/picomatch/-/picomatch-2.3.1.tgz. Extracting by manifest.
200 silly tarball no local data for readdirp@https://registry.npmjs.org/readdirp/-/readdirp-3.6.0.tgz. Extracting by manifest.
201 silly tarball no local data for normalize-path@https://registry.npmjs.org/normalize-path/-/normalize-path-3.0.0.tgz. Extracting by manifest.
202 silly tarball no local data for is-glob@https://registry.npmjs.org/is-glob/-/is-glob-4.0.3.tgz. Extracting by manifest.
203 silly tarball no local data for is-binary-path@https://registry.npmjs.org/is-binary-path/-/is-binary-path-2.1.0.tgz. Extracting by manifest.
204 silly tarball no local data for braces@https://registry.npmjs.org/braces/-/braces-3.0.3.tgz. Extracting by manifest.
205 silly tarball no local data for glob-parent@https://registry.npmjs.org/glob-parent/-/glob-parent-5.1.2.tgz. Extracting by manifest.
206 silly tarball no local data for undefsafe@https://registry.npmjs.org/undefsafe/-/undefsafe-2.0.5.tgz. Extracting by manifest.
207 silly tarball no local data for anymatch@https://registry.npmjs.org/anymatch/-/anymatch-3.1.3.tgz. Extracting by manifest.
208 silly tarball no local data for touch@https://registry.npmjs.org/touch/-/touch-3.1.1.tgz. Extracting by manifest.
209 silly tarball no local data for supports-color@https://registry.npmjs.org/supports-color/-/supports-color-5.5.0.tgz. Extracting by manifest.
210 silly tarball no local data for simple-update-notifier@https://registry.npmjs.org/simple-update-notifier/-/simple-update-notifier-2.0.0.tgz. Extracting by manifest.
211 silly tarball no local data for pstree.remy@https://registry.npmjs.org/pstree.remy/-/pstree.remy-1.1.8.tgz. Extracting by manifest.
212 silly tarball no local data for minimatch@https://registry.npmjs.org/minimatch/-/minimatch-3.1.2.tgz. Extracting by manifest.
213 silly tarball no local data for ignore-by-default@https://registry.npmjs.org/ignore-by-default/-/ignore-by-default-1.0.1.tgz. Extracting by manifest.
214 silly tarball no local data for chokidar@https://registry.npmjs.org/chokidar/-/chokidar-3.6.0.tgz. Extracting by manifest.
215 silly tarball no local data for nodemon@https://registry.npmjs.org/nodemon/-/nodemon-3.1.10.tgz. Extracting by manifest.
216 http fetch GET 200 https://registry.npmjs.org/has-flag/-/has-flag-3.0.0.tgz 244ms (cache miss)
217 http fetch GET 200 https://registry.npmjs.org/balanced-match/-/balanced-match-1.0.2.tgz 246ms (cache miss)
218 http fetch GET 200 https://registry.npmjs.org/concat-map/-/concat-map-0.0.1.tgz 249ms (cache miss)
219 http fetch GET 200 https://registry.npmjs.org/is-extglob/-/is-extglob-2.1.1.tgz 246ms (cache miss)
220 http fetch POST 200 https://registry.npmjs.org/-/npm/v1/security/advisories/bulk 394ms
221 silly audit report {}
222 http fetch GET 200 https://registry.npmjs.org/braces/-/braces-3.0.3.tgz 359ms (cache miss)
223 http fetch GET 200 https://registry.npmjs.org/undefsafe/-/undefsafe-2.0.5.tgz 360ms (cache miss)
224 http fetch GET 200 https://registry.npmjs.org/anymatch/-/anymatch-3.1.3.tgz 402ms (cache miss)
225 http fetch GET 200 https://registry.npmjs.org/to-regex-range/-/to-regex-range-5.0.1.tgz 472ms (cache miss)
226 http fetch GET 200 https://registry.npmjs.org/supports-color/-/supports-color-5.5.0.tgz 468ms (cache miss)
227 http fetch GET 200 https://registry.npmjs.org/is-glob/-/is-glob-4.0.3.tgz 476ms (cache miss)
228 http fetch GET 200 https://registry.npmjs.org/readdirp/-/readdirp-3.6.0.tgz 508ms (cache miss)
229 http fetch GET 200 https://registry.npmjs.org/simple-update-notifier/-/simple-update-notifier-2.0.0.tgz 507ms (cache miss)
230 http fetch GET 200 https://registry.npmjs.org/normalize-path/-/normalize-path-3.0.0.tgz 525ms (cache miss)
231 http fetch GET 200 https://registry.npmjs.org/ignore-by-default/-/ignore-by-default-1.0.1.tgz 563ms (cache miss)
232 http fetch GET 200 https://registry.npmjs.org/pstree.remy/-/pstree.remy-1.1.8.tgz 568ms (cache miss)
233 http fetch GET 200 https://registry.npmjs.org/minimatch/-/minimatch-3.1.2.tgz 666ms (cache miss)
234 http fetch GET 200 https://registry.npmjs.org/is-binary-path/-/is-binary-path-2.1.0.tgz 679ms (cache miss)
235 http fetch GET 200 https://registry.npmjs.org/chokidar/-/chokidar-3.6.0.tgz 671ms (cache miss)
236 http fetch GET 200 https://registry.npmjs.org/nodemon/-/nodemon-3.1.10.tgz 702ms (cache miss)
237 http fetch GET 200 https://registry.npmjs.org/brace-expansion/-/brace-expansion-1.1.12.tgz 1213ms (cache miss)
238 http fetch GET 200 https://registry.npmjs.org/is-number/-/is-number-7.0.0.tgz 1217ms (cache miss)
239 http fetch GET 200 https://registry.npmjs.org/glob-parent/-/glob-parent-5.1.2.tgz 1443ms (cache miss)
240 http fetch GET 200 https://registry.npmjs.org/binary-extensions/-/binary-extensions-2.3.0.tgz 1485ms (cache miss)
241 http fetch GET 200 https://registry.npmjs.org/fill-range/-/fill-range-7.1.1.tgz 1489ms (cache miss)
242 http fetch GET 200 https://registry.npmjs.org/picomatch/-/picomatch-2.3.1.tgz 1587ms (cache miss)
243 http fetch GET 200 https://registry.npmjs.org/touch/-/touch-3.1.1.tgz 1579ms (cache miss)
244 silly ADD node_modules/is-number
245 silly ADD node_modules/has-flag
246 silly ADD node_modules/concat-map
247 silly ADD node_modules/balanced-match
248 silly ADD node_modules/brace-expansion
249 silly ADD node_modules/is-extglob
250 silly ADD node_modules/binary-extensions
251 silly ADD node_modules/to-regex-range
252 silly ADD node_modules/fill-range
253 silly ADD node_modules/picomatch
254 silly ADD node_modules/readdirp
255 silly ADD node_modules/normalize-path
256 silly ADD node_modules/is-glob
257 silly ADD node_modules/is-binary-path
258 silly ADD node_modules/glob-parent
259 silly ADD node_modules/fsevents
260 silly ADD node_modules/braces
261 silly ADD node_modules/anymatch
262 silly ADD node_modules/undefsafe
263 silly ADD node_modules/touch
264 silly ADD node_modules/supports-color
265 silly ADD node_modules/simple-update-notifier
266 silly ADD node_modules/pstree.remy
267 silly ADD node_modules/minimatch
268 silly ADD node_modules/ignore-by-default
269 silly ADD node_modules/chokidar
270 silly ADD node_modules/nodemon
271 verbose cwd /data/data/com.termux/files/home
272 verbose os Linux 5.10.226-android12-9-00047-g4968e29b7f92-ab12786767
273 verbose node v24.5.0
274 verbose npm  v11.5.1
275 verbose exit 0
276 info ok
